This file contains any messages produced by compilers while
running configure, to aid debugging if configure makes a mistake.

It was created by pcap configure 1.9.1, which was
generated by GNU Autoconf 2.69.  Invocation command line was

  $ ./configure --disable-option-checking --prefix=/usr/local --cache-file=/dev/null --srcdir=.

## --------- ##
## Platform. ##
## --------- ##

hostname = WHOAMI
uname -m = x86_64
uname -r = 5.15.0-kali2-amd64
uname -s = Linux
uname -v = #1 SMP Debian 5.15.5-2kali2 (2021-12-22)

/usr/bin/uname -p = unknown
/bin/uname -X     = unknown

/bin/arch              = x86_64
/usr/bin/arch -k       = unknown
/usr/convex/getsysinfo = unknown
/usr/bin/hostinfo      = unknown
/bin/machine           = unknown
/usr/bin/oslevel       = unknown
/bin/universe          = unknown

PATH: /usr/local/sbin
PATH: /usr/local/bin
PATH: /usr/sbin
PATH: /usr/bin
PATH: /sbin
PATH: /bin
PATH: /usr/local/games
PATH: /usr/games


## ----------- ##
## Core tests. ##
## ----------- ##

configure:2426: checking build system type
configure:2440: result: x86_64-pc-linux-gnu
configure:2460: checking host system type
configure:2473: result: x86_64-pc-linux-gnu
configure:2493: checking target system type
configure:2506: result: x86_64-pc-linux-gnu
configure:2658: checking for gcc
configure:2674: found /usr/bin/gcc
configure:2685: result: gcc
configure:2914: checking for C compiler version
configure:2923: gcc --version >&5
gcc (Debian 11.2.0-13) 11.2.0
Copyright (C) 2021 Free Software Foundation, Inc.
This is free software; see the source for copying conditions.  There is NO
warranty; not even for MERCHANTABILITY or FITNESS FOR A PARTICULAR PURPOSE.

configure:2934: $? = 0
configure:2923: gcc -v >&5
Using built-in specs.
COLLECT_GCC=gcc
COLLECT_LTO_WRAPPER=/usr/lib/gcc/x86_64-linux-gnu/11/lto-wrapper
OFFLOAD_TARGET_NAMES=nvptx-none:amdgcn-amdhsa
OFFLOAD_TARGET_DEFAULT=1
Target: x86_64-linux-gnu
Configured with: ../src/configure -v --with-pkgversion='Debian 11.2.0-13' --with-bugurl=file:///usr/share/doc/gcc-11/README.Bugs --enable-languages=c,ada,c++,go,brig,d,fortran,objc,obj-c++,m2 --prefix=/usr --with-gcc-major-version-only --program-suffix=-11 --program-prefix=x86_64-linux-gnu- --enable-shared --enable-linker-build-id --libexecdir=/usr/lib --without-included-gettext --enable-threads=posix --libdir=/usr/lib --enable-nls --enable-bootstrap --enable-clocale=gnu --enable-libstdcxx-debug --enable-libstdcxx-time=yes --with-default-libstdcxx-abi=new --enable-gnu-unique-object --disable-vtable-verify --enable-plugin --enable-default-pie --with-system-zlib --enable-libphobos-checking=release --with-target-system-zlib=auto --enable-objc-gc=auto --enable-multiarch --disable-werror --enable-cet --with-arch-32=i686 --with-abi=m64 --with-multilib-list=m32,m64,mx32 --enable-multilib --with-tune=generic --enable-offload-targets=nvptx-none=/build/gcc-11-KdLYb3/gcc-11-11.2.0/debian/tmp-nvptx/usr,amdgcn-amdhsa=/build/gcc-11-KdLYb3/gcc-11-11.2.0/debian/tmp-gcn/usr --without-cuda-driver --enable-checking=release --build=x86_64-linux-gnu --host=x86_64-linux-gnu --target=x86_64-linux-gnu --with-build-config=bootstrap-lto-lean --enable-link-serialization=2
Thread model: posix
Supported LTO compression algorithms: zlib zstd
gcc version 11.2.0 (Debian 11.2.0-13) 
... rest of stderr output deleted ...
configure:2934: $? = 0
configure:2923: gcc -V >&5
gcc: error: unrecognized command-line option '-V'
gcc: fatal error: no input files
compilation terminated.
configure:2934: $? = 1
configure:2923: gcc -qversion >&5
gcc: error: unrecognized command-line option '-qversion'; did you mean '--version'?
gcc: fatal error: no input files
compilation terminated.
configure:2934: $? = 1
configure:2954: checking whether the C compiler works
configure:2976: gcc    conftest.c  >&5
configure:2980: $? = 0
configure:3028: result: yes
configure:3031: checking for C compiler default output file name
configure:3033: result: a.out
configure:3039: checking for suffix of executables
configure:3046: gcc -o conftest    conftest.c  >&5
configure:3050: $? = 0
configure:3072: result: 
configure:3094: checking whether we are cross compiling
configure:3102: gcc -o conftest    conftest.c  >&5
configure:3106: $? = 0
configure:3113: ./conftest
configure:3117: $? = 0
configure:3132: result: no
configure:3137: checking for suffix of object files
configure:3159: gcc -c   conftest.c >&5
configure:3163: $? = 0
configure:3184: result: o
configure:3188: checking whether we are using the GNU C compiler
configure:3207: gcc -c   conftest.c >&5
configure:3207: $? = 0
configure:3216: result: yes
configure:3225: checking whether gcc accepts -g
configure:3245: gcc -c -g  conftest.c >&5
configure:3245: $? = 0
configure:3286: result: yes
configure:3303: checking for gcc option to accept ISO C89
configure:3366: gcc  -c -g -O2  conftest.c >&5
configure:3366: $? = 0
configure:3379: result: none needed
configure:3399: checking for gcc option to accept ISO C99
configure:3548: gcc  -c -g -O2  conftest.c >&5
configure:3548: $? = 0
configure:3561: result: none needed
configure:3597: checking whether the compiler supports the -fvisibility=hidden option
configure:3623: gcc -c -g -O2 -Werror -fvisibility=hidden  conftest.c >&5
configure:3623: $? = 0
configure:3625: result: yes
configure:4127: checking for inline
configure:4163: gcc -c  -fvisibility=hidden  conftest.c >&5
configure:4163: $? = 0
configure:4178: result: inline
configure:4200: checking for special C compiler options needed for large files
configure:4245: result: no
configure:4251: checking for _FILE_OFFSET_BITS value needed for large files
configure:4276: gcc -c -g -O2  conftest.c >&5
configure:4276: $? = 0
configure:4308: result: no
configure:4393: checking for _LARGEFILE_SOURCE value needed for large files
configure:4412: gcc -o conftest -g -O2   conftest.c  >&5
configure:4412: $? = 0
configure:4440: result: no
configure:4467: checking how to run the C preprocessor
configure:4498: gcc -E  conftest.c
configure:4498: $? = 0
configure:4512: gcc -E  conftest.c
conftest.c:11:10: fatal error: ac_nonexistent.h: No such file or directory
   11 | #include <ac_nonexistent.h>
      |          ^~~~~~~~~~~~~~~~~~
compilation terminated.
configure:4512: $? = 1
configure: failed program was:
| /* confdefs.h */
| #define PACKAGE_NAME "pcap"
| #define PACKAGE_TARNAME "pcap"
| #define PACKAGE_VERSION "1.9.1"
| #define PACKAGE_STRING "pcap 1.9.1"
| #define PACKAGE_BUGREPORT ""
| #define PACKAGE_URL ""
| #define inline inline
| #define HAVE_FSEEKO 1
| /* end confdefs.h.  */
| #include <ac_nonexistent.h>
configure:4537: result: gcc -E
configure:4557: gcc -E  conftest.c
configure:4557: $? = 0
configure:4571: gcc -E  conftest.c
conftest.c:11:10: fatal error: ac_nonexistent.h: No such file or directory
   11 | #include <ac_nonexistent.h>
      |          ^~~~~~~~~~~~~~~~~~
compilation terminated.
configure:4571: $? = 1
configure: failed program was:
| /* confdefs.h */
| #define PACKAGE_NAME "pcap"
| #define PACKAGE_TARNAME "pcap"
| #define PACKAGE_VERSION "1.9.1"
| #define PACKAGE_STRING "pcap 1.9.1"
| #define PACKAGE_BUGREPORT ""
| #define PACKAGE_URL ""
| #define inline inline
| #define HAVE_FSEEKO 1
| /* end confdefs.h.  */
| #include <ac_nonexistent.h>
configure:4600: checking for grep that handles long lines and -e
configure:4658: result: /usr/bin/grep
configure:4663: checking for egrep
configure:4725: result: /usr/bin/grep -E
configure:4730: checking for ANSI C header files
configure:4750: gcc -c -g -O2  conftest.c >&5
configure:4750: $? = 0
configure:4823: gcc -o conftest -g -O2   conftest.c  >&5
configure:4823: $? = 0
configure:4823: ./conftest
configure:4823: $? = 0
configure:4834: result: yes
configure:4847: checking for sys/types.h
configure:4847: gcc -c -g -O2  conftest.c >&5
configure:4847: $? = 0
configure:4847: result: yes
configure:4847: checking for sys/stat.h
configure:4847: gcc -c -g -O2  conftest.c >&5
configure:4847: $? = 0
configure:4847: result: yes
configure:4847: checking for stdlib.h
configure:4847: gcc -c -g -O2  conftest.c >&5
configure:4847: $? = 0
configure:4847: result: yes
configure:4847: checking for string.h
configure:4847: gcc -c -g -O2  conftest.c >&5
configure:4847: $? = 0
configure:4847: result: yes
configure:4847: checking for memory.h
configure:4847: gcc -c -g -O2  conftest.c >&5
configure:4847: $? = 0
configure:4847: result: yes
configure:4847: checking for strings.h
configure:4847: gcc -c -g -O2  conftest.c >&5
configure:4847: $? = 0
configure:4847: result: yes
configure:4847: checking for inttypes.h
configure:4847: gcc -c -g -O2  conftest.c >&5
configure:4847: $? = 0
configure:4847: result: yes
configure:4847: checking for stdint.h
configure:4847: gcc -c -g -O2  conftest.c >&5
configure:4847: $? = 0
configure:4847: result: yes
configure:4847: checking for unistd.h
configure:4847: gcc -c -g -O2  conftest.c >&5
configure:4847: $? = 0
configure:4847: result: yes
configure:4862: checking sys/ioccom.h usability
configure:4862: gcc -c -g -O2  conftest.c >&5
conftest.c:54:10: fatal error: sys/ioccom.h: No such file or directory
   54 | #include <sys/ioccom.h>
      |          ^~~~~~~~~~~~~~
compilation terminated.
configure:4862: $? = 1
configure: failed program was:
| /* confdefs.h */
| #define PACKAGE_NAME "pcap"
| #define PACKAGE_TARNAME "pcap"
| #define PACKAGE_VERSION "1.9.1"
| #define PACKAGE_STRING "pcap 1.9.1"
| #define PACKAGE_BUGREPORT ""
| #define PACKAGE_URL ""
| #define inline inline
| #define HAVE_FSEEKO 1
| #define STDC_HEADERS 1
| #define HAVE_SYS_TYPES_H 1
| #define HAVE_SYS_STAT_H 1
| #define HAVE_STDLIB_H 1
| #define HAVE_STRING_H 1
| #define HAVE_MEMORY_H 1
| #define HAVE_STRINGS_H 1
| #define HAVE_INTTYPES_H 1
| #define HAVE_STDINT_H 1
| #define HAVE_UNISTD_H 1
| /* end confdefs.h.  */
| #include <stdio.h>
| #ifdef HAVE_SYS_TYPES_H
| # include <sys/types.h>
| #endif
| #ifdef HAVE_SYS_STAT_H
| # include <sys/stat.h>
| #endif
| #ifdef STDC_HEADERS
| # include <stdlib.h>
| # include <stddef.h>
| #else
| # ifdef HAVE_STDLIB_H
| #  include <stdlib.h>
| # endif
| #endif
| #ifdef HAVE_STRING_H
| # if !defined STDC_HEADERS && defined HAVE_MEMORY_H
| #  include <memory.h>
| # endif
| # include <string.h>
| #endif
| #ifdef HAVE_STRINGS_H
| # include <strings.h>
| #endif
| #ifdef HAVE_INTTYPES_H
| # include <inttypes.h>
| #endif
| #ifdef HAVE_STDINT_H
| # include <stdint.h>
| #endif
| #ifdef HAVE_UNISTD_H
| # include <unistd.h>
| #endif
| #include <sys/ioccom.h>
configure:4862: result: no
configure:4862: checking sys/ioccom.h presence
configure:4862: gcc -E  conftest.c
conftest.c:21:10: fatal error: sys/ioccom.h: No such file or directory
   21 | #include <sys/ioccom.h>
      |          ^~~~~~~~~~~~~~
compilation terminated.
configure:4862: $? = 1
configure: failed program was:
| /* confdefs.h */
| #define PACKAGE_NAME "pcap"
| #define PACKAGE_TARNAME "pcap"
| #define PACKAGE_VERSION "1.9.1"
| #define PACKAGE_STRING "pcap 1.9.1"
| #define PACKAGE_BUGREPORT ""
| #define PACKAGE_URL ""
| #define inline inline
| #define HAVE_FSEEKO 1
| #define STDC_HEADERS 1
| #define HAVE_SYS_TYPES_H 1
| #define HAVE_SYS_STAT_H 1
| #define HAVE_STDLIB_H 1
| #define HAVE_STRING_H 1
| #define HAVE_MEMORY_H 1
| #define HAVE_STRINGS_H 1
| #define HAVE_INTTYPES_H 1
| #define HAVE_STDINT_H 1
| #define HAVE_UNISTD_H 1
| /* end confdefs.h.  */
| #include <sys/ioccom.h>
configure:4862: result: no
configure:4862: checking for sys/ioccom.h
configure:4862: result: no
configure:4862: checking sys/sockio.h usability
configure:4862: gcc -c -g -O2  conftest.c >&5
conftest.c:54:10: fatal error: sys/sockio.h: No such file or directory
   54 | #include <sys/sockio.h>
      |          ^~~~~~~~~~~~~~
compilation terminated.
configure:4862: $? = 1
configure: failed program was:
| /* confdefs.h */
| #define PACKAGE_NAME "pcap"
| #define PACKAGE_TARNAME "pcap"
| #define PACKAGE_VERSION "1.9.1"
| #define PACKAGE_STRING "pcap 1.9.1"
| #define PACKAGE_BUGREPORT ""
| #define PACKAGE_URL ""
| #define inline inline
| #define HAVE_FSEEKO 1
| #define STDC_HEADERS 1
| #define HAVE_SYS_TYPES_H 1
| #define HAVE_SYS_STAT_H 1
| #define HAVE_STDLIB_H 1
| #define HAVE_STRING_H 1
| #define HAVE_MEMORY_H 1
| #define HAVE_STRINGS_H 1
| #define HAVE_INTTYPES_H 1
| #define HAVE_STDINT_H 1
| #define HAVE_UNISTD_H 1
| /* end confdefs.h.  */
| #include <stdio.h>
| #ifdef HAVE_SYS_TYPES_H
| # include <sys/types.h>
| #endif
| #ifdef HAVE_SYS_STAT_H
| # include <sys/stat.h>
| #endif
| #ifdef STDC_HEADERS
| # include <stdlib.h>
| # include <stddef.h>
| #else
| # ifdef HAVE_STDLIB_H
| #  include <stdlib.h>
| # endif
| #endif
| #ifdef HAVE_STRING_H
| # if !defined STDC_HEADERS && defined HAVE_MEMORY_H
| #  include <memory.h>
| # endif
| # include <string.h>
| #endif
| #ifdef HAVE_STRINGS_H
| # include <strings.h>
| #endif
| #ifdef HAVE_INTTYPES_H
| # include <inttypes.h>
| #endif
| #ifdef HAVE_STDINT_H
| # include <stdint.h>
| #endif
| #ifdef HAVE_UNISTD_H
| # include <unistd.h>
| #endif
| #include <sys/sockio.h>
configure:4862: result: no
configure:4862: checking sys/sockio.h presence
configure:4862: gcc -E  conftest.c
conftest.c:21:10: fatal error: sys/sockio.h: No such file or directory
   21 | #include <sys/sockio.h>
      |          ^~~~~~~~~~~~~~
compilation terminated.
configure:4862: $? = 1
configure: failed program was:
| /* confdefs.h */
| #define PACKAGE_NAME "pcap"
| #define PACKAGE_TARNAME "pcap"
| #define PACKAGE_VERSION "1.9.1"
| #define PACKAGE_STRING "pcap 1.9.1"
| #define PACKAGE_BUGREPORT ""
| #define PACKAGE_URL ""
| #define inline inline
| #define HAVE_FSEEKO 1
| #define STDC_HEADERS 1
| #define HAVE_SYS_TYPES_H 1
| #define HAVE_SYS_STAT_H 1
| #define HAVE_STDLIB_H 1
| #define HAVE_STRING_H 1
| #define HAVE_MEMORY_H 1
| #define HAVE_STRINGS_H 1
| #define HAVE_INTTYPES_H 1
| #define HAVE_STDINT_H 1
| #define HAVE_UNISTD_H 1
| /* end confdefs.h.  */
| #include <sys/sockio.h>
configure:4862: result: no
configure:4862: checking for sys/sockio.h
configure:4862: result: no
configure:4862: checking limits.h usability
configure:4862: gcc -c -g -O2  conftest.c >&5
configure:4862: $? = 0
configure:4862: result: yes
configure:4862: checking limits.h presence
configure:4862: gcc -E  conftest.c
configure:4862: $? = 0
configure:4862: result: yes
configure:4862: checking for limits.h
configure:4862: result: yes
configure:4874: checking netpacket/packet.h usability
configure:4874: gcc -c -g -O2  conftest.c >&5
configure:4874: $? = 0
configure:4874: result: yes
configure:4874: checking netpacket/packet.h presence
configure:4874: gcc -E  conftest.c
configure:4874: $? = 0
configure:4874: result: yes
configure:4874: checking for netpacket/packet.h
configure:4874: result: yes
configure:4886: checking for net/pfvar.h
configure:4886: gcc -c -g -O2  conftest.c >&5
conftest.c:27:10: fatal error: net/pfvar.h: No such file or directory
   27 | #include <net/pfvar.h>
      |          ^~~~~~~~~~~~~
compilation terminated.
configure:4886: $? = 1
configure: failed program was:
| /* confdefs.h */
| #define PACKAGE_NAME "pcap"
| #define PACKAGE_TARNAME "pcap"
| #define PACKAGE_VERSION "1.9.1"
| #define PACKAGE_STRING "pcap 1.9.1"
| #define PACKAGE_BUGREPORT ""
| #define PACKAGE_URL ""
| #define inline inline
| #define HAVE_FSEEKO 1
| #define STDC_HEADERS 1
| #define HAVE_SYS_TYPES_H 1
| #define HAVE_SYS_STAT_H 1
| #define HAVE_STDLIB_H 1
| #define HAVE_STRING_H 1
| #define HAVE_MEMORY_H 1
| #define HAVE_STRINGS_H 1
| #define HAVE_INTTYPES_H 1
| #define HAVE_STDINT_H 1
| #define HAVE_UNISTD_H 1
| #define HAVE_LIMITS_H 1
| #define HAVE_NETPACKET_PACKET_H 1
| /* end confdefs.h.  */
| #include <sys/types.h>
| #include <sys/socket.h>
| #include <net/if.h>
| 
| #include <net/pfvar.h>
configure:4886: result: no
configure:4939: checking for linux/sockios.h
configure:4939: gcc -c -g -O2  conftest.c >&5
configure:4939: $? = 0
configure:4939: result: yes
configure:4939: checking for linux/if_bonding.h
configure:4939: gcc -c -g -O2  conftest.c >&5
configure:4939: $? = 0
configure:4939: result: yes
configure:4957: checking for ANSI ioctl definitions
configure:4985: gcc -c -g -O2  conftest.c >&5
configure:4985: $? = 0
configure:4993: result: yes
configure:5004: checking for strerror
configure:5004: gcc -o conftest -g -O2   conftest.c  >&5
configure:5004: $? = 0
configure:5004: result: yes
configure:5013: checking for strerror_r
configure:5013: gcc -o conftest -g -O2   conftest.c  >&5
configure:5013: $? = 0
configure:5013: result: yes
configure:5020: checking whether strerror_r is GNU-style
configure:5039: gcc -c -g -O2  conftest.c >&5
configure:5039: $? = 0
configure:5042: result: yes
configure:5084: checking for vsyslog
configure:5084: gcc -o conftest -g -O2   conftest.c  >&5
configure:5084: $? = 0
configure:5084: result: yes
configure:5120: checking for vsnprintf
configure:5120: gcc -o conftest -g -O2   conftest.c  >&5
conftest.c:51:6: warning: conflicting types for built-in function 'vsnprintf'; expected 'int(char *, long unsigned int,  const char *, __va_list_tag *)' [-Wbuiltin-declaration-mismatch]
   51 | char vsnprintf ();
      |      ^~~~~~~~~
conftest.c:39:1: note: 'vsnprintf' is declared in header '<stdio.h>'
   38 | # include <limits.h>
   39 | #else
configure:5120: $? = 0
configure:5120: result: yes
configure:5120: checking for snprintf
configure:5120: gcc -o conftest -g -O2   conftest.c  >&5
conftest.c:52:6: warning: conflicting types for built-in function 'snprintf'; expected 'int(char *, long unsigned int,  const char *, ...)' [-Wbuiltin-declaration-mismatch]
   52 | char snprintf ();
      |      ^~~~~~~~
conftest.c:40:1: note: 'snprintf' is declared in header '<stdio.h>'
   39 | # include <limits.h>
   40 | #else
configure:5120: $? = 0
configure:5120: result: yes
configure:5135: checking for vasprintf
configure:5135: gcc -o conftest -g -O2   conftest.c  >&5
configure:5135: $? = 0
configure:5135: result: yes
configure:5135: checking for asprintf
configure:5135: gcc -o conftest -g -O2   conftest.c  >&5
configure:5135: $? = 0
configure:5135: result: yes
configure:5174: checking for strlcat
configure:5174: gcc -o conftest -g -O2   conftest.c  >&5
/usr/bin/ld: /tmp/ccOOfBzv.o: in function `main':
/root/toolsPack/APT/discovery/nmap/libpcap/conftest.c:66: undefined reference to `strlcat'
collect2: error: ld returned 1 exit status
configure:5174: $? = 1
configure: failed program was:
| /* confdefs.h */
| #define PACKAGE_NAME "pcap"
| #define PACKAGE_TARNAME "pcap"
| #define PACKAGE_VERSION "1.9.1"
| #define PACKAGE_STRING "pcap 1.9.1"
| #define PACKAGE_BUGREPORT ""
| #define PACKAGE_URL ""
| #define inline inline
| #define HAVE_FSEEKO 1
| #define STDC_HEADERS 1
| #define HAVE_SYS_TYPES_H 1
| #define HAVE_SYS_STAT_H 1
| #define HAVE_STDLIB_H 1
| #define HAVE_STRING_H 1
| #define HAVE_MEMORY_H 1
| #define HAVE_STRINGS_H 1
| #define HAVE_INTTYPES_H 1
| #define HAVE_STDINT_H 1
| #define HAVE_UNISTD_H 1
| #define HAVE_LIMITS_H 1
| #define HAVE_NETPACKET_PACKET_H 1
| #define HAVE_LINUX_SOCKIOS_H 1
| #define HAVE_LINUX_IF_BONDING_H 1
| #define HAVE_STRERROR 1
| #define HAVE_GNU_STRERROR_R /**/
| #define HAVE_VSYSLOG 1
| #define HAVE_VSNPRINTF 1
| #define HAVE_SNPRINTF 1
| #define HAVE_VASPRINTF 1
| #define HAVE_ASPRINTF 1
| /* end confdefs.h.  */
| /* Define strlcat to an innocuous variant, in case <limits.h> declares strlcat.
|    For example, HP-UX 11i <limits.h> declares gettimeofday.  */
| #define strlcat innocuous_strlcat
| 
| /* System header to define __stub macros and hopefully few prototypes,
|     which can conflict with char strlcat (); below.
|     Prefer <limits.h> to <assert.h> if __STDC__ is defined, since
|     <limits.h> exists even on freestanding compilers.  */
| 
| #ifdef __STDC__
| # include <limits.h>
| #else
| # include <assert.h>
| #endif
| 
| #undef strlcat
| 
| /* Override any GCC internal prototype to avoid an error.
|    Use char because int might match the return type of a GCC
|    builtin and then its argument prototype would still apply.  */
| #ifdef __cplusplus
| extern "C"
| #endif
| char strlcat ();
| /* The GNU C library defines this for functions which it implements
|     to always fail with ENOSYS.  Some functions are actually named
|     something starting with __ and the normal name is an alias.  */
| #if defined __stub_strlcat || defined __stub___strlcat
| choke me
| #endif
| 
| int
| main ()
| {
| return strlcat ();
|   ;
|   return 0;
| }
configure:5174: result: no
configure:5197: checking for strlcpy
configure:5197: gcc -o conftest -g -O2   conftest.c  >&5
/usr/bin/ld: /tmp/cclf1hzu.o: in function `main':
/root/toolsPack/APT/discovery/nmap/libpcap/conftest.c:66: undefined reference to `strlcpy'
collect2: error: ld returned 1 exit status
configure:5197: $? = 1
configure: failed program was:
| /* confdefs.h */
| #define PACKAGE_NAME "pcap"
| #define PACKAGE_TARNAME "pcap"
| #define PACKAGE_VERSION "1.9.1"
| #define PACKAGE_STRING "pcap 1.9.1"
| #define PACKAGE_BUGREPORT ""
| #define PACKAGE_URL ""
| #define inline inline
| #define HAVE_FSEEKO 1
| #define STDC_HEADERS 1
| #define HAVE_SYS_TYPES_H 1
| #define HAVE_SYS_STAT_H 1
| #define HAVE_STDLIB_H 1
| #define HAVE_STRING_H 1
| #define HAVE_MEMORY_H 1
| #define HAVE_STRINGS_H 1
| #define HAVE_INTTYPES_H 1
| #define HAVE_STDINT_H 1
| #define HAVE_UNISTD_H 1
| #define HAVE_LIMITS_H 1
| #define HAVE_NETPACKET_PACKET_H 1
| #define HAVE_LINUX_SOCKIOS_H 1
| #define HAVE_LINUX_IF_BONDING_H 1
| #define HAVE_STRERROR 1
| #define HAVE_GNU_STRERROR_R /**/
| #define HAVE_VSYSLOG 1
| #define HAVE_VSNPRINTF 1
| #define HAVE_SNPRINTF 1
| #define HAVE_VASPRINTF 1
| #define HAVE_ASPRINTF 1
| /* end confdefs.h.  */
| /* Define strlcpy to an innocuous variant, in case <limits.h> declares strlcpy.
|    For example, HP-UX 11i <limits.h> declares gettimeofday.  */
| #define strlcpy innocuous_strlcpy
| 
| /* System header to define __stub macros and hopefully few prototypes,
|     which can conflict with char strlcpy (); below.
|     Prefer <limits.h> to <assert.h> if __STDC__ is defined, since
|     <limits.h> exists even on freestanding compilers.  */
| 
| #ifdef __STDC__
| # include <limits.h>
| #else
| # include <assert.h>
| #endif
| 
| #undef strlcpy
| 
| /* Override any GCC internal prototype to avoid an error.
|    Use char because int might match the return type of a GCC
|    builtin and then its argument prototype would still apply.  */
| #ifdef __cplusplus
| extern "C"
| #endif
| char strlcpy ();
| /* The GNU C library defines this for functions which it implements
|     to always fail with ENOSYS.  Some functions are actually named
|     something starting with __ and the normal name is an alias.  */
| #if defined __stub_strlcpy || defined __stub___strlcpy
| choke me
| #endif
| 
| int
| main ()
| {
| return strlcpy ();
|   ;
|   return 0;
| }
configure:5197: result: no
configure:5220: checking for strtok_r
configure:5220: gcc -o conftest -g -O2   conftest.c  >&5
configure:5220: $? = 0
configure:5220: result: yes
configure:5245: checking for ffs
configure:5245: gcc -o conftest -g -O2   conftest.c  >&5
conftest.c:56:6: warning: conflicting types for built-in function 'ffs'; expected 'int(int)' [-Wbuiltin-declaration-mismatch]
   56 | char ffs ();
      |      ^~~
configure:5245: $? = 0
configure:5245: result: yes
configure:5261: checking whether ffs is declared
configure:5261: gcc -c -g -O2  conftest.c >&5
configure:5261: $? = 0
configure:5261: result: yes
configure:5284: checking for getaddrinfo
configure:5284: gcc -o conftest -g -O2   conftest.c  >&5
configure:5284: $? = 0
configure:5284: result: yes
configure:5399: checking for library containing putmsg
configure:5430: gcc -o conftest -g -O2   conftest.c  >&5
/usr/bin/ld: /tmp/ccyYon2S.o: in function `main':
/root/toolsPack/APT/discovery/nmap/libpcap/conftest.c:46: undefined reference to `putmsg'
collect2: error: ld returned 1 exit status
configure:5430: $? = 1
configure: failed program was:
| /* confdefs.h */
| #define PACKAGE_NAME "pcap"
| #define PACKAGE_TARNAME "pcap"
| #define PACKAGE_VERSION "1.9.1"
| #define PACKAGE_STRING "pcap 1.9.1"
| #define PACKAGE_BUGREPORT ""
| #define PACKAGE_URL ""
| #define inline inline
| #define HAVE_FSEEKO 1
| #define STDC_HEADERS 1
| #define HAVE_SYS_TYPES_H 1
| #define HAVE_SYS_STAT_H 1
| #define HAVE_STDLIB_H 1
| #define HAVE_STRING_H 1
| #define HAVE_MEMORY_H 1
| #define HAVE_STRINGS_H 1
| #define HAVE_INTTYPES_H 1
| #define HAVE_STDINT_H 1
| #define HAVE_UNISTD_H 1
| #define HAVE_LIMITS_H 1
| #define HAVE_NETPACKET_PACKET_H 1
| #define HAVE_LINUX_SOCKIOS_H 1
| #define HAVE_LINUX_IF_BONDING_H 1
| #define HAVE_STRERROR 1
| #define HAVE_GNU_STRERROR_R /**/
| #define HAVE_VSYSLOG 1
| #define HAVE_VSNPRINTF 1
| #define HAVE_SNPRINTF 1
| #define HAVE_VASPRINTF 1
| #define HAVE_ASPRINTF 1
| #define HAVE_STRTOK_R 1
| #define HAVE_FFS 1
| #define STRINGS_H_DECLARES_FFS /**/
| /* end confdefs.h.  */
| 
| /* Override any GCC internal prototype to avoid an error.
|    Use char because int might match the return type of a GCC
|    builtin and then its argument prototype would still apply.  */
| #ifdef __cplusplus
| extern "C"
| #endif
| char putmsg ();
| int
| main ()
| {
| return putmsg ();
|   ;
|   return 0;
| }
configure:5430: gcc -o conftest -g -O2   conftest.c -lstr   >&5
/usr/bin/ld: cannot find -lstr
collect2: error: ld returned 1 exit status
configure:5430: $? = 1
configure: failed program was:
| /* confdefs.h */
| #define PACKAGE_NAME "pcap"
| #define PACKAGE_TARNAME "pcap"
| #define PACKAGE_VERSION "1.9.1"
| #define PACKAGE_STRING "pcap 1.9.1"
| #define PACKAGE_BUGREPORT ""
| #define PACKAGE_URL ""
| #define inline inline
| #define HAVE_FSEEKO 1
| #define STDC_HEADERS 1
| #define HAVE_SYS_TYPES_H 1
| #define HAVE_SYS_STAT_H 1
| #define HAVE_STDLIB_H 1
| #define HAVE_STRING_H 1
| #define HAVE_MEMORY_H 1
| #define HAVE_STRINGS_H 1
| #define HAVE_INTTYPES_H 1
| #define HAVE_STDINT_H 1
| #define HAVE_UNISTD_H 1
| #define HAVE_LIMITS_H 1
| #define HAVE_NETPACKET_PACKET_H 1
| #define HAVE_LINUX_SOCKIOS_H 1
| #define HAVE_LINUX_IF_BONDING_H 1
| #define HAVE_STRERROR 1
| #define HAVE_GNU_STRERROR_R /**/
| #define HAVE_VSYSLOG 1
| #define HAVE_VSNPRINTF 1
| #define HAVE_SNPRINTF 1
| #define HAVE_VASPRINTF 1
| #define HAVE_ASPRINTF 1
| #define HAVE_STRTOK_R 1
| #define HAVE_FFS 1
| #define STRINGS_H_DECLARES_FFS /**/
| /* end confdefs.h.  */
| 
| /* Override any GCC internal prototype to avoid an error.
|    Use char because int might match the return type of a GCC
|    builtin and then its argument prototype would still apply.  */
| #ifdef __cplusplus
| extern "C"
| #endif
| char putmsg ();
| int
| main ()
| {
| return putmsg ();
|   ;
|   return 0;
| }
configure:5447: result: no
configure:5470: checking whether getnetbyname_r is declared
configure:5470: gcc -c -g -O2  conftest.c >&5
configure:5470: $? = 0
configure:5470: result: yes
configure:5474: checking for the Linux getnetbyname_r()
configure:5494: gcc -o conftest -g -O2   conftest.c  >&5
configure:5494: $? = 0
configure:5496: result: yes
configure:5597: checking whether getprotobyname_r is declared
configure:5597: gcc -c -g -O2  conftest.c >&5
configure:5597: $? = 0
configure:5597: result: yes
configure:5601: checking for the Linux getprotobyname_r()
configure:5620: gcc -o conftest -g -O2   conftest.c  >&5
configure:5620: $? = 0
configure:5622: result: yes
configure:5724: checking for ether_hostton
configure:5724: gcc -o conftest -g -O2   conftest.c  >&5
configure:5724: $? = 0
configure:5724: result: yes
configure:5740: checking whether ether_hostton is declared
configure:5740: gcc -c -g -O2  conftest.c >&5
conftest.c: In function 'main':
conftest.c:49:10: error: 'ether_hostton' undeclared (first use in this function)
   49 |   (void) ether_hostton;
      |          ^~~~~~~~~~~~~
conftest.c:49:10: note: each undeclared identifier is reported only once for each function it appears in
configure:5740: $? = 1
configure: failed program was:
| /* confdefs.h */
| #define PACKAGE_NAME "pcap"
| #define PACKAGE_TARNAME "pcap"
| #define PACKAGE_VERSION "1.9.1"
| #define PACKAGE_STRING "pcap 1.9.1"
| #define PACKAGE_BUGREPORT ""
| #define PACKAGE_URL ""
| #define inline inline
| #define HAVE_FSEEKO 1
| #define STDC_HEADERS 1
| #define HAVE_SYS_TYPES_H 1
| #define HAVE_SYS_STAT_H 1
| #define HAVE_STDLIB_H 1
| #define HAVE_STRING_H 1
| #define HAVE_MEMORY_H 1
| #define HAVE_STRINGS_H 1
| #define HAVE_INTTYPES_H 1
| #define HAVE_STDINT_H 1
| #define HAVE_UNISTD_H 1
| #define HAVE_LIMITS_H 1
| #define HAVE_NETPACKET_PACKET_H 1
| #define HAVE_LINUX_SOCKIOS_H 1
| #define HAVE_LINUX_IF_BONDING_H 1
| #define HAVE_STRERROR 1
| #define HAVE_GNU_STRERROR_R /**/
| #define HAVE_VSYSLOG 1
| #define HAVE_VSNPRINTF 1
| #define HAVE_SNPRINTF 1
| #define HAVE_VASPRINTF 1
| #define HAVE_ASPRINTF 1
| #define HAVE_STRTOK_R 1
| #define HAVE_FFS 1
| #define STRINGS_H_DECLARES_FFS /**/
| #define HAVE_LINUX_GETNETBYNAME_R 1
| #define HAVE_LINUX_GETPROTOBYNAME_R 1
| #define HAVE_ETHER_HOSTTON 1
| /* end confdefs.h.  */
| 
| #include <net/ethernet.h>
| 
| 
| int
| main ()
| {
| #ifndef ether_hostton
| #ifdef __cplusplus
|   (void) ether_hostton;
| #else
|   (void) ether_hostton;
| #endif
| #endif
| 
|   ;
|   return 0;
| }
configure:5740: result: no
configure:5767: checking whether ether_hostton is declared
configure:5767: gcc -c -g -O2  conftest.c >&5
configure:5767: $? = 0
configure:5767: result: yes
configure:5915: checking pthread.h usability
configure:5915: gcc -c -g -O2  conftest.c >&5
configure:5915: $? = 0
configure:5915: result: yes
configure:5915: checking pthread.h presence
configure:5915: gcc -E  conftest.c
configure:5915: $? = 0
configure:5915: result: yes
configure:5915: checking for pthread.h
configure:5915: result: yes
configure:5922: checking for pthread_create
configure:5922: gcc -o conftest -g -O2   conftest.c  >&5
/usr/bin/ld: /tmp/ccX7DA4Z.o: in function `main':
/root/toolsPack/APT/discovery/nmap/libpcap/conftest.c:74: undefined reference to `pthread_create'
collect2: error: ld returned 1 exit status
configure:5922: $? = 1
configure: failed program was:
| /* confdefs.h */
| #define PACKAGE_NAME "pcap"
| #define PACKAGE_TARNAME "pcap"
| #define PACKAGE_VERSION "1.9.1"
| #define PACKAGE_STRING "pcap 1.9.1"
| #define PACKAGE_BUGREPORT ""
| #define PACKAGE_URL ""
| #define inline inline
| #define HAVE_FSEEKO 1
| #define STDC_HEADERS 1
| #define HAVE_SYS_TYPES_H 1
| #define HAVE_SYS_STAT_H 1
| #define HAVE_STDLIB_H 1
| #define HAVE_STRING_H 1
| #define HAVE_MEMORY_H 1
| #define HAVE_STRINGS_H 1
| #define HAVE_INTTYPES_H 1
| #define HAVE_STDINT_H 1
| #define HAVE_UNISTD_H 1
| #define HAVE_LIMITS_H 1
| #define HAVE_NETPACKET_PACKET_H 1
| #define HAVE_LINUX_SOCKIOS_H 1
| #define HAVE_LINUX_IF_BONDING_H 1
| #define HAVE_STRERROR 1
| #define HAVE_GNU_STRERROR_R /**/
| #define HAVE_VSYSLOG 1
| #define HAVE_VSNPRINTF 1
| #define HAVE_SNPRINTF 1
| #define HAVE_VASPRINTF 1
| #define HAVE_ASPRINTF 1
| #define HAVE_STRTOK_R 1
| #define HAVE_FFS 1
| #define STRINGS_H_DECLARES_FFS /**/
| #define HAVE_LINUX_GETNETBYNAME_R 1
| #define HAVE_LINUX_GETPROTOBYNAME_R 1
| #define HAVE_ETHER_HOSTTON 1
| #define NETINET_ETHER_H_DECLARES_ETHER_HOSTTON /**/
| #define HAVE_DECL_ETHER_HOSTTON 1
| /* end confdefs.h.  */
| /* Define pthread_create to an innocuous variant, in case <limits.h> declares pthread_create.
|    For example, HP-UX 11i <limits.h> declares gettimeofday.  */
| #define pthread_create innocuous_pthread_create
| 
| /* System header to define __stub macros and hopefully few prototypes,
|     which can conflict with char pthread_create (); below.
|     Prefer <limits.h> to <assert.h> if __STDC__ is defined, since
|     <limits.h> exists even on freestanding compilers.  */
| 
| #ifdef __STDC__
| # include <limits.h>
| #else
| # include <assert.h>
| #endif
| 
| #undef pthread_create
| 
| /* Override any GCC internal prototype to avoid an error.
|    Use char because int might match the return type of a GCC
|    builtin and then its argument prototype would still apply.  */
| #ifdef __cplusplus
| extern "C"
| #endif
| char pthread_create ();
| /* The GNU C library defines this for functions which it implements
|     to always fail with ENOSYS.  Some functions are actually named
|     something starting with __ and the normal name is an alias.  */
| #if defined __stub_pthread_create || defined __stub___pthread_create
| choke me
| #endif
| 
| int
| main ()
| {
| return pthread_create ();
|   ;
|   return 0;
| }
configure:5922: result: no
configure:5935: checking for pthread_create in -lpthreads
configure:5960: gcc -o conftest -g -O2   conftest.c -lpthreads   >&5
/usr/bin/ld: cannot find -lpthreads
collect2: error: ld returned 1 exit status
configure:5960: $? = 1
configure: failed program was:
| /* confdefs.h */
| #define PACKAGE_NAME "pcap"
| #define PACKAGE_TARNAME "pcap"
| #define PACKAGE_VERSION "1.9.1"
| #define PACKAGE_STRING "pcap 1.9.1"
| #define PACKAGE_BUGREPORT ""
| #define PACKAGE_URL ""
| #define inline inline
| #define HAVE_FSEEKO 1
| #define STDC_HEADERS 1
| #define HAVE_SYS_TYPES_H 1
| #define HAVE_SYS_STAT_H 1
| #define HAVE_STDLIB_H 1
| #define HAVE_STRING_H 1
| #define HAVE_MEMORY_H 1
| #define HAVE_STRINGS_H 1
| #define HAVE_INTTYPES_H 1
| #define HAVE_STDINT_H 1
| #define HAVE_UNISTD_H 1
| #define HAVE_LIMITS_H 1
| #define HAVE_NETPACKET_PACKET_H 1
| #define HAVE_LINUX_SOCKIOS_H 1
| #define HAVE_LINUX_IF_BONDING_H 1
| #define HAVE_STRERROR 1
| #define HAVE_GNU_STRERROR_R /**/
| #define HAVE_VSYSLOG 1
| #define HAVE_VSNPRINTF 1
| #define HAVE_SNPRINTF 1
| #define HAVE_VASPRINTF 1
| #define HAVE_ASPRINTF 1
| #define HAVE_STRTOK_R 1
| #define HAVE_FFS 1
| #define STRINGS_H_DECLARES_FFS /**/
| #define HAVE_LINUX_GETNETBYNAME_R 1
| #define HAVE_LINUX_GETPROTOBYNAME_R 1
| #define HAVE_ETHER_HOSTTON 1
| #define NETINET_ETHER_H_DECLARES_ETHER_HOSTTON /**/
| #define HAVE_DECL_ETHER_HOSTTON 1
| /* end confdefs.h.  */
| 
| /* Override any GCC internal prototype to avoid an error.
|    Use char because int might match the return type of a GCC
|    builtin and then its argument prototype would still apply.  */
| #ifdef __cplusplus
| extern "C"
| #endif
| char pthread_create ();
| int
| main ()
| {
| return pthread_create ();
|   ;
|   return 0;
| }
configure:5969: result: no
configure:5984: checking for pthread_create in -lpthread
configure:6009: gcc -o conftest -g -O2   conftest.c -lpthread   >&5
configure:6009: $? = 0
configure:6018: result: yes
configure:6056: checking if --disable-protochain option is specified
configure:6074: result: enabled
configure:6118: checking net/bpf.h usability
configure:6118: gcc -c -g -O2  conftest.c >&5
conftest.c:73:10: fatal error: net/bpf.h: No such file or directory
   73 | #include <net/bpf.h>
      |          ^~~~~~~~~~~
compilation terminated.
configure:6118: $? = 1
configure: failed program was:
| /* confdefs.h */
| #define PACKAGE_NAME "pcap"
| #define PACKAGE_TARNAME "pcap"
| #define PACKAGE_VERSION "1.9.1"
| #define PACKAGE_STRING "pcap 1.9.1"
| #define PACKAGE_BUGREPORT ""
| #define PACKAGE_URL ""
| #define inline inline
| #define HAVE_FSEEKO 1
| #define STDC_HEADERS 1
| #define HAVE_SYS_TYPES_H 1
| #define HAVE_SYS_STAT_H 1
| #define HAVE_STDLIB_H 1
| #define HAVE_STRING_H 1
| #define HAVE_MEMORY_H 1
| #define HAVE_STRINGS_H 1
| #define HAVE_INTTYPES_H 1
| #define HAVE_STDINT_H 1
| #define HAVE_UNISTD_H 1
| #define HAVE_LIMITS_H 1
| #define HAVE_NETPACKET_PACKET_H 1
| #define HAVE_LINUX_SOCKIOS_H 1
| #define HAVE_LINUX_IF_BONDING_H 1
| #define HAVE_STRERROR 1
| #define HAVE_GNU_STRERROR_R /**/
| #define HAVE_VSYSLOG 1
| #define HAVE_VSNPRINTF 1
| #define HAVE_SNPRINTF 1
| #define HAVE_VASPRINTF 1
| #define HAVE_ASPRINTF 1
| #define HAVE_STRTOK_R 1
| #define HAVE_FFS 1
| #define STRINGS_H_DECLARES_FFS /**/
| #define HAVE_LINUX_GETNETBYNAME_R 1
| #define HAVE_LINUX_GETPROTOBYNAME_R 1
| #define HAVE_ETHER_HOSTTON 1
| #define NETINET_ETHER_H_DECLARES_ETHER_HOSTTON /**/
| #define HAVE_DECL_ETHER_HOSTTON 1
| /* end confdefs.h.  */
| #include <stdio.h>
| #ifdef HAVE_SYS_TYPES_H
| # include <sys/types.h>
| #endif
| #ifdef HAVE_SYS_STAT_H
| # include <sys/stat.h>
| #endif
| #ifdef STDC_HEADERS
| # include <stdlib.h>
| # include <stddef.h>
| #else
| # ifdef HAVE_STDLIB_H
| #  include <stdlib.h>
| # endif
| #endif
| #ifdef HAVE_STRING_H
| # if !defined STDC_HEADERS && defined HAVE_MEMORY_H
| #  include <memory.h>
| # endif
| # include <string.h>
| #endif
| #ifdef HAVE_STRINGS_H
| # include <strings.h>
| #endif
| #ifdef HAVE_INTTYPES_H
| # include <inttypes.h>
| #endif
| #ifdef HAVE_STDINT_H
| # include <stdint.h>
| #endif
| #ifdef HAVE_UNISTD_H
| # include <unistd.h>
| #endif
| #include <net/bpf.h>
configure:6118: result: no
configure:6118: checking net/bpf.h presence
configure:6118: gcc -E  conftest.c
conftest.c:40:10: fatal error: net/bpf.h: No such file or directory
   40 | #include <net/bpf.h>
      |          ^~~~~~~~~~~
compilation terminated.
configure:6118: $? = 1
configure: failed program was:
| /* confdefs.h */
| #define PACKAGE_NAME "pcap"
| #define PACKAGE_TARNAME "pcap"
| #define PACKAGE_VERSION "1.9.1"
| #define PACKAGE_STRING "pcap 1.9.1"
| #define PACKAGE_BUGREPORT ""
| #define PACKAGE_URL ""
| #define inline inline
| #define HAVE_FSEEKO 1
| #define STDC_HEADERS 1
| #define HAVE_SYS_TYPES_H 1
| #define HAVE_SYS_STAT_H 1
| #define HAVE_STDLIB_H 1
| #define HAVE_STRING_H 1
| #define HAVE_MEMORY_H 1
| #define HAVE_STRINGS_H 1
| #define HAVE_INTTYPES_H 1
| #define HAVE_STDINT_H 1
| #define HAVE_UNISTD_H 1
| #define HAVE_LIMITS_H 1
| #define HAVE_NETPACKET_PACKET_H 1
| #define HAVE_LINUX_SOCKIOS_H 1
| #define HAVE_LINUX_IF_BONDING_H 1
| #define HAVE_STRERROR 1
| #define HAVE_GNU_STRERROR_R /**/
| #define HAVE_VSYSLOG 1
| #define HAVE_VSNPRINTF 1
| #define HAVE_SNPRINTF 1
| #define HAVE_VASPRINTF 1
| #define HAVE_ASPRINTF 1
| #define HAVE_STRTOK_R 1
| #define HAVE_FFS 1
| #define STRINGS_H_DECLARES_FFS /**/
| #define HAVE_LINUX_GETNETBYNAME_R 1
| #define HAVE_LINUX_GETPROTOBYNAME_R 1
| #define HAVE_ETHER_HOSTTON 1
| #define NETINET_ETHER_H_DECLARES_ETHER_HOSTTON /**/
| #define HAVE_DECL_ETHER_HOSTTON 1
| /* end confdefs.h.  */
| #include <net/bpf.h>
configure:6118: result: no
configure:6118: checking for net/bpf.h
configure:6118: result: no
configure:6201: checking net/pfilt.h usability
configure:6201: gcc -c -g -O2  conftest.c >&5
conftest.c:73:10: fatal error: net/pfilt.h: No such file or directory
   73 | #include <net/pfilt.h>
      |          ^~~~~~~~~~~~~
compilation terminated.
configure:6201: $? = 1
configure: failed program was:
| /* confdefs.h */
| #define PACKAGE_NAME "pcap"
| #define PACKAGE_TARNAME "pcap"
| #define PACKAGE_VERSION "1.9.1"
| #define PACKAGE_STRING "pcap 1.9.1"
| #define PACKAGE_BUGREPORT ""
| #define PACKAGE_URL ""
| #define inline inline
| #define HAVE_FSEEKO 1
| #define STDC_HEADERS 1
| #define HAVE_SYS_TYPES_H 1
| #define HAVE_SYS_STAT_H 1
| #define HAVE_STDLIB_H 1
| #define HAVE_STRING_H 1
| #define HAVE_MEMORY_H 1
| #define HAVE_STRINGS_H 1
| #define HAVE_INTTYPES_H 1
| #define HAVE_STDINT_H 1
| #define HAVE_UNISTD_H 1
| #define HAVE_LIMITS_H 1
| #define HAVE_NETPACKET_PACKET_H 1
| #define HAVE_LINUX_SOCKIOS_H 1
| #define HAVE_LINUX_IF_BONDING_H 1
| #define HAVE_STRERROR 1
| #define HAVE_GNU_STRERROR_R /**/
| #define HAVE_VSYSLOG 1
| #define HAVE_VSNPRINTF 1
| #define HAVE_SNPRINTF 1
| #define HAVE_VASPRINTF 1
| #define HAVE_ASPRINTF 1
| #define HAVE_STRTOK_R 1
| #define HAVE_FFS 1
| #define STRINGS_H_DECLARES_FFS /**/
| #define HAVE_LINUX_GETNETBYNAME_R 1
| #define HAVE_LINUX_GETPROTOBYNAME_R 1
| #define HAVE_ETHER_HOSTTON 1
| #define NETINET_ETHER_H_DECLARES_ETHER_HOSTTON /**/
| #define HAVE_DECL_ETHER_HOSTTON 1
| /* end confdefs.h.  */
| #include <stdio.h>
| #ifdef HAVE_SYS_TYPES_H
| # include <sys/types.h>
| #endif
| #ifdef HAVE_SYS_STAT_H
| # include <sys/stat.h>
| #endif
| #ifdef STDC_HEADERS
| # include <stdlib.h>
| # include <stddef.h>
| #else
| # ifdef HAVE_STDLIB_H
| #  include <stdlib.h>
| # endif
| #endif
| #ifdef HAVE_STRING_H
| # if !defined STDC_HEADERS && defined HAVE_MEMORY_H
| #  include <memory.h>
| # endif
| # include <string.h>
| #endif
| #ifdef HAVE_STRINGS_H
| # include <strings.h>
| #endif
| #ifdef HAVE_INTTYPES_H
| # include <inttypes.h>
| #endif
| #ifdef HAVE_STDINT_H
| # include <stdint.h>
| #endif
| #ifdef HAVE_UNISTD_H
| # include <unistd.h>
| #endif
| #include <net/pfilt.h>
configure:6201: result: no
configure:6201: checking net/pfilt.h presence
configure:6201: gcc -E  conftest.c
conftest.c:40:10: fatal error: net/pfilt.h: No such file or directory
   40 | #include <net/pfilt.h>
      |          ^~~~~~~~~~~~~
compilation terminated.
configure:6201: $? = 1
configure: failed program was:
| /* confdefs.h */
| #define PACKAGE_NAME "pcap"
| #define PACKAGE_TARNAME "pcap"
| #define PACKAGE_VERSION "1.9.1"
| #define PACKAGE_STRING "pcap 1.9.1"
| #define PACKAGE_BUGREPORT ""
| #define PACKAGE_URL ""
| #define inline inline
| #define HAVE_FSEEKO 1
| #define STDC_HEADERS 1
| #define HAVE_SYS_TYPES_H 1
| #define HAVE_SYS_STAT_H 1
| #define HAVE_STDLIB_H 1
| #define HAVE_STRING_H 1
| #define HAVE_MEMORY_H 1
| #define HAVE_STRINGS_H 1
| #define HAVE_INTTYPES_H 1
| #define HAVE_STDINT_H 1
| #define HAVE_UNISTD_H 1
| #define HAVE_LIMITS_H 1
| #define HAVE_NETPACKET_PACKET_H 1
| #define HAVE_LINUX_SOCKIOS_H 1
| #define HAVE_LINUX_IF_BONDING_H 1
| #define HAVE_STRERROR 1
| #define HAVE_GNU_STRERROR_R /**/
| #define HAVE_VSYSLOG 1
| #define HAVE_VSNPRINTF 1
| #define HAVE_SNPRINTF 1
| #define HAVE_VASPRINTF 1
| #define HAVE_ASPRINTF 1
| #define HAVE_STRTOK_R 1
| #define HAVE_FFS 1
| #define STRINGS_H_DECLARES_FFS /**/
| #define HAVE_LINUX_GETNETBYNAME_R 1
| #define HAVE_LINUX_GETPROTOBYNAME_R 1
| #define HAVE_ETHER_HOSTTON 1
| #define NETINET_ETHER_H_DECLARES_ETHER_HOSTTON /**/
| #define HAVE_DECL_ETHER_HOSTTON 1
| /* end confdefs.h.  */
| #include <net/pfilt.h>
configure:6201: result: no
configure:6201: checking for net/pfilt.h
configure:6201: result: no
configure:6201: checking net/enet.h usability
configure:6201: gcc -c -g -O2  conftest.c >&5
conftest.c:73:10: fatal error: net/enet.h: No such file or directory
   73 | #include <net/enet.h>
      |          ^~~~~~~~~~~~
compilation terminated.
configure:6201: $? = 1
configure: failed program was:
| /* confdefs.h */
| #define PACKAGE_NAME "pcap"
| #define PACKAGE_TARNAME "pcap"
| #define PACKAGE_VERSION "1.9.1"
| #define PACKAGE_STRING "pcap 1.9.1"
| #define PACKAGE_BUGREPORT ""
| #define PACKAGE_URL ""
| #define inline inline
| #define HAVE_FSEEKO 1
| #define STDC_HEADERS 1
| #define HAVE_SYS_TYPES_H 1
| #define HAVE_SYS_STAT_H 1
| #define HAVE_STDLIB_H 1
| #define HAVE_STRING_H 1
| #define HAVE_MEMORY_H 1
| #define HAVE_STRINGS_H 1
| #define HAVE_INTTYPES_H 1
| #define HAVE_STDINT_H 1
| #define HAVE_UNISTD_H 1
| #define HAVE_LIMITS_H 1
| #define HAVE_NETPACKET_PACKET_H 1
| #define HAVE_LINUX_SOCKIOS_H 1
| #define HAVE_LINUX_IF_BONDING_H 1
| #define HAVE_STRERROR 1
| #define HAVE_GNU_STRERROR_R /**/
| #define HAVE_VSYSLOG 1
| #define HAVE_VSNPRINTF 1
| #define HAVE_SNPRINTF 1
| #define HAVE_VASPRINTF 1
| #define HAVE_ASPRINTF 1
| #define HAVE_STRTOK_R 1
| #define HAVE_FFS 1
| #define STRINGS_H_DECLARES_FFS /**/
| #define HAVE_LINUX_GETNETBYNAME_R 1
| #define HAVE_LINUX_GETPROTOBYNAME_R 1
| #define HAVE_ETHER_HOSTTON 1
| #define NETINET_ETHER_H_DECLARES_ETHER_HOSTTON /**/
| #define HAVE_DECL_ETHER_HOSTTON 1
| /* end confdefs.h.  */
| #include <stdio.h>
| #ifdef HAVE_SYS_TYPES_H
| # include <sys/types.h>
| #endif
| #ifdef HAVE_SYS_STAT_H
| # include <sys/stat.h>
| #endif
| #ifdef STDC_HEADERS
| # include <stdlib.h>
| # include <stddef.h>
| #else
| # ifdef HAVE_STDLIB_H
| #  include <stdlib.h>
| # endif
| #endif
| #ifdef HAVE_STRING_H
| # if !defined STDC_HEADERS && defined HAVE_MEMORY_H
| #  include <memory.h>
| # endif
| # include <string.h>
| #endif
| #ifdef HAVE_STRINGS_H
| # include <strings.h>
| #endif
| #ifdef HAVE_INTTYPES_H
| # include <inttypes.h>
| #endif
| #ifdef HAVE_STDINT_H
| # include <stdint.h>
| #endif
| #ifdef HAVE_UNISTD_H
| # include <unistd.h>
| #endif
| #include <net/enet.h>
configure:6201: result: no
configure:6201: checking net/enet.h presence
configure:6201: gcc -E  conftest.c
conftest.c:40:10: fatal error: net/enet.h: No such file or directory
   40 | #include <net/enet.h>
      |          ^~~~~~~~~~~~
compilation terminated.
configure:6201: $? = 1
configure: failed program was:
| /* confdefs.h */
| #define PACKAGE_NAME "pcap"
| #define PACKAGE_TARNAME "pcap"
| #define PACKAGE_VERSION "1.9.1"
| #define PACKAGE_STRING "pcap 1.9.1"
| #define PACKAGE_BUGREPORT ""
| #define PACKAGE_URL ""
| #define inline inline
| #define HAVE_FSEEKO 1
| #define STDC_HEADERS 1
| #define HAVE_SYS_TYPES_H 1
| #define HAVE_SYS_STAT_H 1
| #define HAVE_STDLIB_H 1
| #define HAVE_STRING_H 1
| #define HAVE_MEMORY_H 1
| #define HAVE_STRINGS_H 1
| #define HAVE_INTTYPES_H 1
| #define HAVE_STDINT_H 1
| #define HAVE_UNISTD_H 1
| #define HAVE_LIMITS_H 1
| #define HAVE_NETPACKET_PACKET_H 1
| #define HAVE_LINUX_SOCKIOS_H 1
| #define HAVE_LINUX_IF_BONDING_H 1
| #define HAVE_STRERROR 1
| #define HAVE_GNU_STRERROR_R /**/
| #define HAVE_VSYSLOG 1
| #define HAVE_VSNPRINTF 1
| #define HAVE_SNPRINTF 1
| #define HAVE_VASPRINTF 1
| #define HAVE_ASPRINTF 1
| #define HAVE_STRTOK_R 1
| #define HAVE_FFS 1
| #define STRINGS_H_DECLARES_FFS /**/
| #define HAVE_LINUX_GETNETBYNAME_R 1
| #define HAVE_LINUX_GETPROTOBYNAME_R 1
| #define HAVE_ETHER_HOSTTON 1
| #define NETINET_ETHER_H_DECLARES_ETHER_HOSTTON /**/
| #define HAVE_DECL_ETHER_HOSTTON 1
| /* end confdefs.h.  */
| #include <net/enet.h>
configure:6201: result: no
configure:6201: checking for net/enet.h
configure:6201: result: no
configure:6214: checking net/nit.h usability
configure:6214: gcc -c -g -O2  conftest.c >&5
conftest.c:73:10: fatal error: net/nit.h: No such file or directory
   73 | #include <net/nit.h>
      |          ^~~~~~~~~~~
compilation terminated.
configure:6214: $? = 1
configure: failed program was:
| /* confdefs.h */
| #define PACKAGE_NAME "pcap"
| #define PACKAGE_TARNAME "pcap"
| #define PACKAGE_VERSION "1.9.1"
| #define PACKAGE_STRING "pcap 1.9.1"
| #define PACKAGE_BUGREPORT ""
| #define PACKAGE_URL ""
| #define inline inline
| #define HAVE_FSEEKO 1
| #define STDC_HEADERS 1
| #define HAVE_SYS_TYPES_H 1
| #define HAVE_SYS_STAT_H 1
| #define HAVE_STDLIB_H 1
| #define HAVE_STRING_H 1
| #define HAVE_MEMORY_H 1
| #define HAVE_STRINGS_H 1
| #define HAVE_INTTYPES_H 1
| #define HAVE_STDINT_H 1
| #define HAVE_UNISTD_H 1
| #define HAVE_LIMITS_H 1
| #define HAVE_NETPACKET_PACKET_H 1
| #define HAVE_LINUX_SOCKIOS_H 1
| #define HAVE_LINUX_IF_BONDING_H 1
| #define HAVE_STRERROR 1
| #define HAVE_GNU_STRERROR_R /**/
| #define HAVE_VSYSLOG 1
| #define HAVE_VSNPRINTF 1
| #define HAVE_SNPRINTF 1
| #define HAVE_VASPRINTF 1
| #define HAVE_ASPRINTF 1
| #define HAVE_STRTOK_R 1
| #define HAVE_FFS 1
| #define STRINGS_H_DECLARES_FFS /**/
| #define HAVE_LINUX_GETNETBYNAME_R 1
| #define HAVE_LINUX_GETPROTOBYNAME_R 1
| #define HAVE_ETHER_HOSTTON 1
| #define NETINET_ETHER_H_DECLARES_ETHER_HOSTTON /**/
| #define HAVE_DECL_ETHER_HOSTTON 1
| /* end confdefs.h.  */
| #include <stdio.h>
| #ifdef HAVE_SYS_TYPES_H
| # include <sys/types.h>
| #endif
| #ifdef HAVE_SYS_STAT_H
| # include <sys/stat.h>
| #endif
| #ifdef STDC_HEADERS
| # include <stdlib.h>
| # include <stddef.h>
| #else
| # ifdef HAVE_STDLIB_H
| #  include <stdlib.h>
| # endif
| #endif
| #ifdef HAVE_STRING_H
| # if !defined STDC_HEADERS && defined HAVE_MEMORY_H
| #  include <memory.h>
| # endif
| # include <string.h>
| #endif
| #ifdef HAVE_STRINGS_H
| # include <strings.h>
| #endif
| #ifdef HAVE_INTTYPES_H
| # include <inttypes.h>
| #endif
| #ifdef HAVE_STDINT_H
| # include <stdint.h>
| #endif
| #ifdef HAVE_UNISTD_H
| # include <unistd.h>
| #endif
| #include <net/nit.h>
configure:6214: result: no
configure:6214: checking net/nit.h presence
configure:6214: gcc -E  conftest.c
conftest.c:40:10: fatal error: net/nit.h: No such file or directory
   40 | #include <net/nit.h>
      |          ^~~~~~~~~~~
compilation terminated.
configure:6214: $? = 1
configure: failed program was:
| /* confdefs.h */
| #define PACKAGE_NAME "pcap"
| #define PACKAGE_TARNAME "pcap"
| #define PACKAGE_VERSION "1.9.1"
| #define PACKAGE_STRING "pcap 1.9.1"
| #define PACKAGE_BUGREPORT ""
| #define PACKAGE_URL ""
| #define inline inline
| #define HAVE_FSEEKO 1
| #define STDC_HEADERS 1
| #define HAVE_SYS_TYPES_H 1
| #define HAVE_SYS_STAT_H 1
| #define HAVE_STDLIB_H 1
| #define HAVE_STRING_H 1
| #define HAVE_MEMORY_H 1
| #define HAVE_STRINGS_H 1
| #define HAVE_INTTYPES_H 1
| #define HAVE_STDINT_H 1
| #define HAVE_UNISTD_H 1
| #define HAVE_LIMITS_H 1
| #define HAVE_NETPACKET_PACKET_H 1
| #define HAVE_LINUX_SOCKIOS_H 1
| #define HAVE_LINUX_IF_BONDING_H 1
| #define HAVE_STRERROR 1
| #define HAVE_GNU_STRERROR_R /**/
| #define HAVE_VSYSLOG 1
| #define HAVE_VSNPRINTF 1
| #define HAVE_SNPRINTF 1
| #define HAVE_VASPRINTF 1
| #define HAVE_ASPRINTF 1
| #define HAVE_STRTOK_R 1
| #define HAVE_FFS 1
| #define STRINGS_H_DECLARES_FFS /**/
| #define HAVE_LINUX_GETNETBYNAME_R 1
| #define HAVE_LINUX_GETPROTOBYNAME_R 1
| #define HAVE_ETHER_HOSTTON 1
| #define NETINET_ETHER_H_DECLARES_ETHER_HOSTTON /**/
| #define HAVE_DECL_ETHER_HOSTTON 1
| /* end confdefs.h.  */
| #include <net/nit.h>
configure:6214: result: no
configure:6214: checking for net/nit.h
configure:6214: result: no
configure:6214: checking sys/net/nit.h usability
configure:6214: gcc -c -g -O2  conftest.c >&5
conftest.c:73:10: fatal error: sys/net/nit.h: No such file or directory
   73 | #include <sys/net/nit.h>
      |          ^~~~~~~~~~~~~~~
compilation terminated.
configure:6214: $? = 1
configure: failed program was:
| /* confdefs.h */
| #define PACKAGE_NAME "pcap"
| #define PACKAGE_TARNAME "pcap"
| #define PACKAGE_VERSION "1.9.1"
| #define PACKAGE_STRING "pcap 1.9.1"
| #define PACKAGE_BUGREPORT ""
| #define PACKAGE_URL ""
| #define inline inline
| #define HAVE_FSEEKO 1
| #define STDC_HEADERS 1
| #define HAVE_SYS_TYPES_H 1
| #define HAVE_SYS_STAT_H 1
| #define HAVE_STDLIB_H 1
| #define HAVE_STRING_H 1
| #define HAVE_MEMORY_H 1
| #define HAVE_STRINGS_H 1
| #define HAVE_INTTYPES_H 1
| #define HAVE_STDINT_H 1
| #define HAVE_UNISTD_H 1
| #define HAVE_LIMITS_H 1
| #define HAVE_NETPACKET_PACKET_H 1
| #define HAVE_LINUX_SOCKIOS_H 1
| #define HAVE_LINUX_IF_BONDING_H 1
| #define HAVE_STRERROR 1
| #define HAVE_GNU_STRERROR_R /**/
| #define HAVE_VSYSLOG 1
| #define HAVE_VSNPRINTF 1
| #define HAVE_SNPRINTF 1
| #define HAVE_VASPRINTF 1
| #define HAVE_ASPRINTF 1
| #define HAVE_STRTOK_R 1
| #define HAVE_FFS 1
| #define STRINGS_H_DECLARES_FFS /**/
| #define HAVE_LINUX_GETNETBYNAME_R 1
| #define HAVE_LINUX_GETPROTOBYNAME_R 1
| #define HAVE_ETHER_HOSTTON 1
| #define NETINET_ETHER_H_DECLARES_ETHER_HOSTTON /**/
| #define HAVE_DECL_ETHER_HOSTTON 1
| /* end confdefs.h.  */
| #include <stdio.h>
| #ifdef HAVE_SYS_TYPES_H
| # include <sys/types.h>
| #endif
| #ifdef HAVE_SYS_STAT_H
| # include <sys/stat.h>
| #endif
| #ifdef STDC_HEADERS
| # include <stdlib.h>
| # include <stddef.h>
| #else
| # ifdef HAVE_STDLIB_H
| #  include <stdlib.h>
| # endif
| #endif
| #ifdef HAVE_STRING_H
| # if !defined STDC_HEADERS && defined HAVE_MEMORY_H
| #  include <memory.h>
| # endif
| # include <string.h>
| #endif
| #ifdef HAVE_STRINGS_H
| # include <strings.h>
| #endif
| #ifdef HAVE_INTTYPES_H
| # include <inttypes.h>
| #endif
| #ifdef HAVE_STDINT_H
| # include <stdint.h>
| #endif
| #ifdef HAVE_UNISTD_H
| # include <unistd.h>
| #endif
| #include <sys/net/nit.h>
configure:6214: result: no
configure:6214: checking sys/net/nit.h presence
configure:6214: gcc -E  conftest.c
conftest.c:40:10: fatal error: sys/net/nit.h: No such file or directory
   40 | #include <sys/net/nit.h>
      |          ^~~~~~~~~~~~~~~
compilation terminated.
configure:6214: $? = 1
configure: failed program was:
| /* confdefs.h */
| #define PACKAGE_NAME "pcap"
| #define PACKAGE_TARNAME "pcap"
| #define PACKAGE_VERSION "1.9.1"
| #define PACKAGE_STRING "pcap 1.9.1"
| #define PACKAGE_BUGREPORT ""
| #define PACKAGE_URL ""
| #define inline inline
| #define HAVE_FSEEKO 1
| #define STDC_HEADERS 1
| #define HAVE_SYS_TYPES_H 1
| #define HAVE_SYS_STAT_H 1
| #define HAVE_STDLIB_H 1
| #define HAVE_STRING_H 1
| #define HAVE_MEMORY_H 1
| #define HAVE_STRINGS_H 1
| #define HAVE_INTTYPES_H 1
| #define HAVE_STDINT_H 1
| #define HAVE_UNISTD_H 1
| #define HAVE_LIMITS_H 1
| #define HAVE_NETPACKET_PACKET_H 1
| #define HAVE_LINUX_SOCKIOS_H 1
| #define HAVE_LINUX_IF_BONDING_H 1
| #define HAVE_STRERROR 1
| #define HAVE_GNU_STRERROR_R /**/
| #define HAVE_VSYSLOG 1
| #define HAVE_VSNPRINTF 1
| #define HAVE_SNPRINTF 1
| #define HAVE_VASPRINTF 1
| #define HAVE_ASPRINTF 1
| #define HAVE_STRTOK_R 1
| #define HAVE_FFS 1
| #define STRINGS_H_DECLARES_FFS /**/
| #define HAVE_LINUX_GETNETBYNAME_R 1
| #define HAVE_LINUX_GETPROTOBYNAME_R 1
| #define HAVE_ETHER_HOSTTON 1
| #define NETINET_ETHER_H_DECLARES_ETHER_HOSTTON /**/
| #define HAVE_DECL_ETHER_HOSTTON 1
| /* end confdefs.h.  */
| #include <sys/net/nit.h>
configure:6214: result: no
configure:6214: checking for sys/net/nit.h
configure:6214: result: no
configure:6227: checking linux/socket.h usability
configure:6227: gcc -c -g -O2  conftest.c >&5
configure:6227: $? = 0
configure:6227: result: yes
configure:6227: checking linux/socket.h presence
configure:6227: gcc -E  conftest.c
configure:6227: $? = 0
configure:6227: result: yes
configure:6227: checking for linux/socket.h
configure:6227: result: yes
configure:6227: checking net/raw.h usability
configure:6227: gcc -c -g -O2  conftest.c >&5
conftest.c:74:10: fatal error: net/raw.h: No such file or directory
   74 | #include <net/raw.h>
      |          ^~~~~~~~~~~
compilation terminated.
configure:6227: $? = 1
configure: failed program was:
| /* confdefs.h */
| #define PACKAGE_NAME "pcap"
| #define PACKAGE_TARNAME "pcap"
| #define PACKAGE_VERSION "1.9.1"
| #define PACKAGE_STRING "pcap 1.9.1"
| #define PACKAGE_BUGREPORT ""
| #define PACKAGE_URL ""
| #define inline inline
| #define HAVE_FSEEKO 1
| #define STDC_HEADERS 1
| #define HAVE_SYS_TYPES_H 1
| #define HAVE_SYS_STAT_H 1
| #define HAVE_STDLIB_H 1
| #define HAVE_STRING_H 1
| #define HAVE_MEMORY_H 1
| #define HAVE_STRINGS_H 1
| #define HAVE_INTTYPES_H 1
| #define HAVE_STDINT_H 1
| #define HAVE_UNISTD_H 1
| #define HAVE_LIMITS_H 1
| #define HAVE_NETPACKET_PACKET_H 1
| #define HAVE_LINUX_SOCKIOS_H 1
| #define HAVE_LINUX_IF_BONDING_H 1
| #define HAVE_STRERROR 1
| #define HAVE_GNU_STRERROR_R /**/
| #define HAVE_VSYSLOG 1
| #define HAVE_VSNPRINTF 1
| #define HAVE_SNPRINTF 1
| #define HAVE_VASPRINTF 1
| #define HAVE_ASPRINTF 1
| #define HAVE_STRTOK_R 1
| #define HAVE_FFS 1
| #define STRINGS_H_DECLARES_FFS /**/
| #define HAVE_LINUX_GETNETBYNAME_R 1
| #define HAVE_LINUX_GETPROTOBYNAME_R 1
| #define HAVE_ETHER_HOSTTON 1
| #define NETINET_ETHER_H_DECLARES_ETHER_HOSTTON /**/
| #define HAVE_DECL_ETHER_HOSTTON 1
| #define HAVE_LINUX_SOCKET_H 1
| /* end confdefs.h.  */
| #include <stdio.h>
| #ifdef HAVE_SYS_TYPES_H
| # include <sys/types.h>
| #endif
| #ifdef HAVE_SYS_STAT_H
| # include <sys/stat.h>
| #endif
| #ifdef STDC_HEADERS
| # include <stdlib.h>
| # include <stddef.h>
| #else
| # ifdef HAVE_STDLIB_H
| #  include <stdlib.h>
| # endif
| #endif
| #ifdef HAVE_STRING_H
| # if !defined STDC_HEADERS && defined HAVE_MEMORY_H
| #  include <memory.h>
| # endif
| # include <string.h>
| #endif
| #ifdef HAVE_STRINGS_H
| # include <strings.h>
| #endif
| #ifdef HAVE_INTTYPES_H
| # include <inttypes.h>
| #endif
| #ifdef HAVE_STDINT_H
| # include <stdint.h>
| #endif
| #ifdef HAVE_UNISTD_H
| # include <unistd.h>
| #endif
| #include <net/raw.h>
configure:6227: result: no
configure:6227: checking net/raw.h presence
configure:6227: gcc -E  conftest.c
conftest.c:41:10: fatal error: net/raw.h: No such file or directory
   41 | #include <net/raw.h>
      |          ^~~~~~~~~~~
compilation terminated.
configure:6227: $? = 1
configure: failed program was:
| /* confdefs.h */
| #define PACKAGE_NAME "pcap"
| #define PACKAGE_TARNAME "pcap"
| #define PACKAGE_VERSION "1.9.1"
| #define PACKAGE_STRING "pcap 1.9.1"
| #define PACKAGE_BUGREPORT ""
| #define PACKAGE_URL ""
| #define inline inline
| #define HAVE_FSEEKO 1
| #define STDC_HEADERS 1
| #define HAVE_SYS_TYPES_H 1
| #define HAVE_SYS_STAT_H 1
| #define HAVE_STDLIB_H 1
| #define HAVE_STRING_H 1
| #define HAVE_MEMORY_H 1
| #define HAVE_STRINGS_H 1
| #define HAVE_INTTYPES_H 1
| #define HAVE_STDINT_H 1
| #define HAVE_UNISTD_H 1
| #define HAVE_LIMITS_H 1
| #define HAVE_NETPACKET_PACKET_H 1
| #define HAVE_LINUX_SOCKIOS_H 1
| #define HAVE_LINUX_IF_BONDING_H 1
| #define HAVE_STRERROR 1
| #define HAVE_GNU_STRERROR_R /**/
| #define HAVE_VSYSLOG 1
| #define HAVE_VSNPRINTF 1
| #define HAVE_SNPRINTF 1
| #define HAVE_VASPRINTF 1
| #define HAVE_ASPRINTF 1
| #define HAVE_STRTOK_R 1
| #define HAVE_FFS 1
| #define STRINGS_H_DECLARES_FFS /**/
| #define HAVE_LINUX_GETNETBYNAME_R 1
| #define HAVE_LINUX_GETPROTOBYNAME_R 1
| #define HAVE_ETHER_HOSTTON 1
| #define NETINET_ETHER_H_DECLARES_ETHER_HOSTTON /**/
| #define HAVE_DECL_ETHER_HOSTTON 1
| #define HAVE_LINUX_SOCKET_H 1
| /* end confdefs.h.  */
| #include <net/raw.h>
configure:6227: result: no
configure:6227: checking for net/raw.h
configure:6227: result: no
configure:6227: checking sys/dlpi.h usability
configure:6227: gcc -c -g -O2  conftest.c >&5
conftest.c:74:10: fatal error: sys/dlpi.h: No such file or directory
   74 | #include <sys/dlpi.h>
      |          ^~~~~~~~~~~~
compilation terminated.
configure:6227: $? = 1
configure: failed program was:
| /* confdefs.h */
| #define PACKAGE_NAME "pcap"
| #define PACKAGE_TARNAME "pcap"
| #define PACKAGE_VERSION "1.9.1"
| #define PACKAGE_STRING "pcap 1.9.1"
| #define PACKAGE_BUGREPORT ""
| #define PACKAGE_URL ""
| #define inline inline
| #define HAVE_FSEEKO 1
| #define STDC_HEADERS 1
| #define HAVE_SYS_TYPES_H 1
| #define HAVE_SYS_STAT_H 1
| #define HAVE_STDLIB_H 1
| #define HAVE_STRING_H 1
| #define HAVE_MEMORY_H 1
| #define HAVE_STRINGS_H 1
| #define HAVE_INTTYPES_H 1
| #define HAVE_STDINT_H 1
| #define HAVE_UNISTD_H 1
| #define HAVE_LIMITS_H 1
| #define HAVE_NETPACKET_PACKET_H 1
| #define HAVE_LINUX_SOCKIOS_H 1
| #define HAVE_LINUX_IF_BONDING_H 1
| #define HAVE_STRERROR 1
| #define HAVE_GNU_STRERROR_R /**/
| #define HAVE_VSYSLOG 1
| #define HAVE_VSNPRINTF 1
| #define HAVE_SNPRINTF 1
| #define HAVE_VASPRINTF 1
| #define HAVE_ASPRINTF 1
| #define HAVE_STRTOK_R 1
| #define HAVE_FFS 1
| #define STRINGS_H_DECLARES_FFS /**/
| #define HAVE_LINUX_GETNETBYNAME_R 1
| #define HAVE_LINUX_GETPROTOBYNAME_R 1
| #define HAVE_ETHER_HOSTTON 1
| #define NETINET_ETHER_H_DECLARES_ETHER_HOSTTON /**/
| #define HAVE_DECL_ETHER_HOSTTON 1
| #define HAVE_LINUX_SOCKET_H 1
| /* end confdefs.h.  */
| #include <stdio.h>
| #ifdef HAVE_SYS_TYPES_H
| # include <sys/types.h>
| #endif
| #ifdef HAVE_SYS_STAT_H
| # include <sys/stat.h>
| #endif
| #ifdef STDC_HEADERS
| # include <stdlib.h>
| # include <stddef.h>
| #else
| # ifdef HAVE_STDLIB_H
| #  include <stdlib.h>
| # endif
| #endif
| #ifdef HAVE_STRING_H
| # if !defined STDC_HEADERS && defined HAVE_MEMORY_H
| #  include <memory.h>
| # endif
| # include <string.h>
| #endif
| #ifdef HAVE_STRINGS_H
| # include <strings.h>
| #endif
| #ifdef HAVE_INTTYPES_H
| # include <inttypes.h>
| #endif
| #ifdef HAVE_STDINT_H
| # include <stdint.h>
| #endif
| #ifdef HAVE_UNISTD_H
| # include <unistd.h>
| #endif
| #include <sys/dlpi.h>
configure:6227: result: no
configure:6227: checking sys/dlpi.h presence
configure:6227: gcc -E  conftest.c
conftest.c:41:10: fatal error: sys/dlpi.h: No such file or directory
   41 | #include <sys/dlpi.h>
      |          ^~~~~~~~~~~~
compilation terminated.
configure:6227: $? = 1
configure: failed program was:
| /* confdefs.h */
| #define PACKAGE_NAME "pcap"
| #define PACKAGE_TARNAME "pcap"
| #define PACKAGE_VERSION "1.9.1"
| #define PACKAGE_STRING "pcap 1.9.1"
| #define PACKAGE_BUGREPORT ""
| #define PACKAGE_URL ""
| #define inline inline
| #define HAVE_FSEEKO 1
| #define STDC_HEADERS 1
| #define HAVE_SYS_TYPES_H 1
| #define HAVE_SYS_STAT_H 1
| #define HAVE_STDLIB_H 1
| #define HAVE_STRING_H 1
| #define HAVE_MEMORY_H 1
| #define HAVE_STRINGS_H 1
| #define HAVE_INTTYPES_H 1
| #define HAVE_STDINT_H 1
| #define HAVE_UNISTD_H 1
| #define HAVE_LIMITS_H 1
| #define HAVE_NETPACKET_PACKET_H 1
| #define HAVE_LINUX_SOCKIOS_H 1
| #define HAVE_LINUX_IF_BONDING_H 1
| #define HAVE_STRERROR 1
| #define HAVE_GNU_STRERROR_R /**/
| #define HAVE_VSYSLOG 1
| #define HAVE_VSNPRINTF 1
| #define HAVE_SNPRINTF 1
| #define HAVE_VASPRINTF 1
| #define HAVE_ASPRINTF 1
| #define HAVE_STRTOK_R 1
| #define HAVE_FFS 1
| #define STRINGS_H_DECLARES_FFS /**/
| #define HAVE_LINUX_GETNETBYNAME_R 1
| #define HAVE_LINUX_GETPROTOBYNAME_R 1
| #define HAVE_ETHER_HOSTTON 1
| #define NETINET_ETHER_H_DECLARES_ETHER_HOSTTON /**/
| #define HAVE_DECL_ETHER_HOSTTON 1
| #define HAVE_LINUX_SOCKET_H 1
| /* end confdefs.h.  */
| #include <sys/dlpi.h>
configure:6227: result: no
configure:6227: checking for sys/dlpi.h
configure:6227: result: no
configure:6309: checking packet capture type
configure:6311: result: linux
configure:6471: checking for linux/wireless.h
configure:6471: gcc -c -g -O2  conftest.c >&5
configure:6471: $? = 0
configure:6471: result: yes
configure:6711: checking for linux/ethtool.h
configure:6711: gcc -c -g -O2  conftest.c >&5
configure:6711: $? = 0
configure:6711: result: yes
configure:6733: checking for struct tpacket_stats
configure:6733: gcc -c -g -O2  conftest.c >&5
configure:6733: $? = 0
configure:6733: gcc -c -g -O2  conftest.c >&5
conftest.c: In function 'main':
conftest.c:50:35: error: expected expression before ')' token
   50 | if (sizeof ((struct tpacket_stats)))
      |                                   ^
configure:6733: $? = 1
configure: failed program was:
| /* confdefs.h */
| #define PACKAGE_NAME "pcap"
| #define PACKAGE_TARNAME "pcap"
| #define PACKAGE_VERSION "1.9.1"
| #define PACKAGE_STRING "pcap 1.9.1"
| #define PACKAGE_BUGREPORT ""
| #define PACKAGE_URL ""
| #define inline inline
| #define HAVE_FSEEKO 1
| #define STDC_HEADERS 1
| #define HAVE_SYS_TYPES_H 1
| #define HAVE_SYS_STAT_H 1
| #define HAVE_STDLIB_H 1
| #define HAVE_STRING_H 1
| #define HAVE_MEMORY_H 1
| #define HAVE_STRINGS_H 1
| #define HAVE_INTTYPES_H 1
| #define HAVE_STDINT_H 1
| #define HAVE_UNISTD_H 1
| #define HAVE_LIMITS_H 1
| #define HAVE_NETPACKET_PACKET_H 1
| #define HAVE_LINUX_SOCKIOS_H 1
| #define HAVE_LINUX_IF_BONDING_H 1
| #define HAVE_STRERROR 1
| #define HAVE_GNU_STRERROR_R /**/
| #define HAVE_VSYSLOG 1
| #define HAVE_VSNPRINTF 1
| #define HAVE_SNPRINTF 1
| #define HAVE_VASPRINTF 1
| #define HAVE_ASPRINTF 1
| #define HAVE_STRTOK_R 1
| #define HAVE_FFS 1
| #define STRINGS_H_DECLARES_FFS /**/
| #define HAVE_LINUX_GETNETBYNAME_R 1
| #define HAVE_LINUX_GETPROTOBYNAME_R 1
| #define HAVE_ETHER_HOSTTON 1
| #define NETINET_ETHER_H_DECLARES_ETHER_HOSTTON /**/
| #define HAVE_DECL_ETHER_HOSTTON 1
| #define HAVE_LINUX_SOCKET_H 1
| #define HAVE_LINUX_WIRELESS_H 1
| #define HAVE_LINUX_ETHTOOL_H 1
| /* end confdefs.h.  */
| 
| 		#include <linux/if_packet.h>
| 
| 
| int
| main ()
| {
| if (sizeof ((struct tpacket_stats)))
| 	    return 0;
|   ;
|   return 0;
| }
configure:6733: result: yes
configure:6755: checking for struct tpacket_auxdata.tp_vlan_tci
configure:6755: gcc -c -g -O2  conftest.c >&5
configure:6755: $? = 0
configure:6755: result: yes
configure:6848: checking for getifaddrs
configure:6848: gcc -o conftest -g -O2   conftest.c  >&5
configure:6848: $? = 0
configure:6848: result: yes
configure:6855: checking ifaddrs.h usability
configure:6855: gcc -c -g -O2  conftest.c >&5
configure:6855: $? = 0
configure:6855: result: yes
configure:6855: checking ifaddrs.h presence
configure:6855: gcc -E  conftest.c
configure:6855: $? = 0
configure:6855: result: yes
configure:6855: checking for ifaddrs.h
configure:6855: result: yes
configure:6947: checking linux/net_tstamp.h usability
configure:6947: gcc -c -g -O2  conftest.c >&5
configure:6947: $? = 0
configure:6947: result: yes
configure:6947: checking linux/net_tstamp.h presence
configure:6947: gcc -E  conftest.c
configure:6947: $? = 0
configure:6947: result: yes
configure:6947: checking for linux/net_tstamp.h
configure:6947: result: yes
configure:6982: checking for socklen_t
configure:6982: gcc -c -g -O2  conftest.c >&5
configure:6982: $? = 0
configure:6982: gcc -c -g -O2  conftest.c >&5
conftest.c: In function 'main':
conftest.c:55:24: error: expected expression before ')' token
   55 | if (sizeof ((socklen_t)))
      |                        ^
configure:6982: $? = 1
configure: failed program was:
| /* confdefs.h */
| #define PACKAGE_NAME "pcap"
| #define PACKAGE_TARNAME "pcap"
| #define PACKAGE_VERSION "1.9.1"
| #define PACKAGE_STRING "pcap 1.9.1"
| #define PACKAGE_BUGREPORT ""
| #define PACKAGE_URL ""
| #define inline inline
| #define HAVE_FSEEKO 1
| #define STDC_HEADERS 1
| #define HAVE_SYS_TYPES_H 1
| #define HAVE_SYS_STAT_H 1
| #define HAVE_STDLIB_H 1
| #define HAVE_STRING_H 1
| #define HAVE_MEMORY_H 1
| #define HAVE_STRINGS_H 1
| #define HAVE_INTTYPES_H 1
| #define HAVE_STDINT_H 1
| #define HAVE_UNISTD_H 1
| #define HAVE_LIMITS_H 1
| #define HAVE_NETPACKET_PACKET_H 1
| #define HAVE_LINUX_SOCKIOS_H 1
| #define HAVE_LINUX_IF_BONDING_H 1
| #define HAVE_STRERROR 1
| #define HAVE_GNU_STRERROR_R /**/
| #define HAVE_VSYSLOG 1
| #define HAVE_VSNPRINTF 1
| #define HAVE_SNPRINTF 1
| #define HAVE_VASPRINTF 1
| #define HAVE_ASPRINTF 1
| #define HAVE_STRTOK_R 1
| #define HAVE_FFS 1
| #define STRINGS_H_DECLARES_FFS /**/
| #define HAVE_LINUX_GETNETBYNAME_R 1
| #define HAVE_LINUX_GETPROTOBYNAME_R 1
| #define HAVE_ETHER_HOSTTON 1
| #define NETINET_ETHER_H_DECLARES_ETHER_HOSTTON /**/
| #define HAVE_DECL_ETHER_HOSTTON 1
| #define HAVE_LINUX_SOCKET_H 1
| #define HAVE_LINUX_WIRELESS_H 1
| #define HAVE_LINUX_ETHTOOL_H 1
| #define HAVE_STRUCT_TPACKET_STATS 1
| #define HAVE_STRUCT_TPACKET_AUXDATA_TP_VLAN_TCI 1
| #define HAVE_LINUX_NET_TSTAMP_H 1
| #define PCAP_SUPPORT_PACKET_RING 1
| /* end confdefs.h.  */
| 
| 	#include <sys/types.h>
| 	#include <sys/socket.h>
| 
| 
| int
| main ()
| {
| if (sizeof ((socklen_t)))
| 	    return 0;
|   ;
|   return 0;
| }
configure:6982: result: yes
configure:7094: checking dagapi.h usability
configure:7094: gcc -c -g -O2  conftest.c >&5
conftest.c:82:10: fatal error: dagapi.h: No such file or directory
   82 | #include <dagapi.h>
      |          ^~~~~~~~~~
compilation terminated.
configure:7094: $? = 1
configure: failed program was:
| /* confdefs.h */
| #define PACKAGE_NAME "pcap"
| #define PACKAGE_TARNAME "pcap"
| #define PACKAGE_VERSION "1.9.1"
| #define PACKAGE_STRING "pcap 1.9.1"
| #define PACKAGE_BUGREPORT ""
| #define PACKAGE_URL ""
| #define inline inline
| #define HAVE_FSEEKO 1
| #define STDC_HEADERS 1
| #define HAVE_SYS_TYPES_H 1
| #define HAVE_SYS_STAT_H 1
| #define HAVE_STDLIB_H 1
| #define HAVE_STRING_H 1
| #define HAVE_MEMORY_H 1
| #define HAVE_STRINGS_H 1
| #define HAVE_INTTYPES_H 1
| #define HAVE_STDINT_H 1
| #define HAVE_UNISTD_H 1
| #define HAVE_LIMITS_H 1
| #define HAVE_NETPACKET_PACKET_H 1
| #define HAVE_LINUX_SOCKIOS_H 1
| #define HAVE_LINUX_IF_BONDING_H 1
| #define HAVE_STRERROR 1
| #define HAVE_GNU_STRERROR_R /**/
| #define HAVE_VSYSLOG 1
| #define HAVE_VSNPRINTF 1
| #define HAVE_SNPRINTF 1
| #define HAVE_VASPRINTF 1
| #define HAVE_ASPRINTF 1
| #define HAVE_STRTOK_R 1
| #define HAVE_FFS 1
| #define STRINGS_H_DECLARES_FFS /**/
| #define HAVE_LINUX_GETNETBYNAME_R 1
| #define HAVE_LINUX_GETPROTOBYNAME_R 1
| #define HAVE_ETHER_HOSTTON 1
| #define NETINET_ETHER_H_DECLARES_ETHER_HOSTTON /**/
| #define HAVE_DECL_ETHER_HOSTTON 1
| #define HAVE_LINUX_SOCKET_H 1
| #define HAVE_LINUX_WIRELESS_H 1
| #define HAVE_LINUX_ETHTOOL_H 1
| #define HAVE_STRUCT_TPACKET_STATS 1
| #define HAVE_STRUCT_TPACKET_AUXDATA_TP_VLAN_TCI 1
| #define HAVE_LINUX_NET_TSTAMP_H 1
| #define PCAP_SUPPORT_PACKET_RING 1
| #define HAVE_SOCKLEN_T 1
| #define INET6 1
| /* end confdefs.h.  */
| #include <stdio.h>
| #ifdef HAVE_SYS_TYPES_H
| # include <sys/types.h>
| #endif
| #ifdef HAVE_SYS_STAT_H
| # include <sys/stat.h>
| #endif
| #ifdef STDC_HEADERS
| # include <stdlib.h>
| # include <stddef.h>
| #else
| # ifdef HAVE_STDLIB_H
| #  include <stdlib.h>
| # endif
| #endif
| #ifdef HAVE_STRING_H
| # if !defined STDC_HEADERS && defined HAVE_MEMORY_H
| #  include <memory.h>
| # endif
| # include <string.h>
| #endif
| #ifdef HAVE_STRINGS_H
| # include <strings.h>
| #endif
| #ifdef HAVE_INTTYPES_H
| # include <inttypes.h>
| #endif
| #ifdef HAVE_STDINT_H
| # include <stdint.h>
| #endif
| #ifdef HAVE_UNISTD_H
| # include <unistd.h>
| #endif
| #include <dagapi.h>
configure:7094: result: no
configure:7094: checking dagapi.h presence
configure:7094: gcc -E  conftest.c
conftest.c:49:10: fatal error: dagapi.h: No such file or directory
   49 | #include <dagapi.h>
      |          ^~~~~~~~~~
compilation terminated.
configure:7094: $? = 1
configure: failed program was:
| /* confdefs.h */
| #define PACKAGE_NAME "pcap"
| #define PACKAGE_TARNAME "pcap"
| #define PACKAGE_VERSION "1.9.1"
| #define PACKAGE_STRING "pcap 1.9.1"
| #define PACKAGE_BUGREPORT ""
| #define PACKAGE_URL ""
| #define inline inline
| #define HAVE_FSEEKO 1
| #define STDC_HEADERS 1
| #define HAVE_SYS_TYPES_H 1
| #define HAVE_SYS_STAT_H 1
| #define HAVE_STDLIB_H 1
| #define HAVE_STRING_H 1
| #define HAVE_MEMORY_H 1
| #define HAVE_STRINGS_H 1
| #define HAVE_INTTYPES_H 1
| #define HAVE_STDINT_H 1
| #define HAVE_UNISTD_H 1
| #define HAVE_LIMITS_H 1
| #define HAVE_NETPACKET_PACKET_H 1
| #define HAVE_LINUX_SOCKIOS_H 1
| #define HAVE_LINUX_IF_BONDING_H 1
| #define HAVE_STRERROR 1
| #define HAVE_GNU_STRERROR_R /**/
| #define HAVE_VSYSLOG 1
| #define HAVE_VSNPRINTF 1
| #define HAVE_SNPRINTF 1
| #define HAVE_VASPRINTF 1
| #define HAVE_ASPRINTF 1
| #define HAVE_STRTOK_R 1
| #define HAVE_FFS 1
| #define STRINGS_H_DECLARES_FFS /**/
| #define HAVE_LINUX_GETNETBYNAME_R 1
| #define HAVE_LINUX_GETPROTOBYNAME_R 1
| #define HAVE_ETHER_HOSTTON 1
| #define NETINET_ETHER_H_DECLARES_ETHER_HOSTTON /**/
| #define HAVE_DECL_ETHER_HOSTTON 1
| #define HAVE_LINUX_SOCKET_H 1
| #define HAVE_LINUX_WIRELESS_H 1
| #define HAVE_LINUX_ETHTOOL_H 1
| #define HAVE_STRUCT_TPACKET_STATS 1
| #define HAVE_STRUCT_TPACKET_AUXDATA_TP_VLAN_TCI 1
| #define HAVE_LINUX_NET_TSTAMP_H 1
| #define PCAP_SUPPORT_PACKET_RING 1
| #define HAVE_SOCKLEN_T 1
| #define INET6 1
| /* end confdefs.h.  */
| #include <dagapi.h>
configure:7094: result: no
configure:7094: checking for dagapi.h
configure:7094: result: no
configure:7416: checking whether we have Septel API headers
configure:7447: result: no
configure:7527: checking whether we have Myricom Sniffer API
configure:7609: result: no
configure:7662: checking whether TurboCap is supported
configure:7690: gcc -c -g -O2  conftest.c >&5
conftest.c:50:22: fatal error: TcApi.h: No such file or directory
   50 |             #include <TcApi.h>
      |                      ^~~~~~~~~
compilation terminated.
configure:7690: $? = 1
configure: failed program was:
| /* confdefs.h */
| #define PACKAGE_NAME "pcap"
| #define PACKAGE_TARNAME "pcap"
| #define PACKAGE_VERSION "1.9.1"
| #define PACKAGE_STRING "pcap 1.9.1"
| #define PACKAGE_BUGREPORT ""
| #define PACKAGE_URL ""
| #define inline inline
| #define HAVE_FSEEKO 1
| #define STDC_HEADERS 1
| #define HAVE_SYS_TYPES_H 1
| #define HAVE_SYS_STAT_H 1
| #define HAVE_STDLIB_H 1
| #define HAVE_STRING_H 1
| #define HAVE_MEMORY_H 1
| #define HAVE_STRINGS_H 1
| #define HAVE_INTTYPES_H 1
| #define HAVE_STDINT_H 1
| #define HAVE_UNISTD_H 1
| #define HAVE_LIMITS_H 1
| #define HAVE_NETPACKET_PACKET_H 1
| #define HAVE_LINUX_SOCKIOS_H 1
| #define HAVE_LINUX_IF_BONDING_H 1
| #define HAVE_STRERROR 1
| #define HAVE_GNU_STRERROR_R /**/
| #define HAVE_VSYSLOG 1
| #define HAVE_VSNPRINTF 1
| #define HAVE_SNPRINTF 1
| #define HAVE_VASPRINTF 1
| #define HAVE_ASPRINTF 1
| #define HAVE_STRTOK_R 1
| #define HAVE_FFS 1
| #define STRINGS_H_DECLARES_FFS /**/
| #define HAVE_LINUX_GETNETBYNAME_R 1
| #define HAVE_LINUX_GETPROTOBYNAME_R 1
| #define HAVE_ETHER_HOSTTON 1
| #define NETINET_ETHER_H_DECLARES_ETHER_HOSTTON /**/
| #define HAVE_DECL_ETHER_HOSTTON 1
| #define HAVE_LINUX_SOCKET_H 1
| #define HAVE_LINUX_WIRELESS_H 1
| #define HAVE_LINUX_ETHTOOL_H 1
| #define HAVE_STRUCT_TPACKET_STATS 1
| #define HAVE_STRUCT_TPACKET_AUXDATA_TP_VLAN_TCI 1
| #define HAVE_LINUX_NET_TSTAMP_H 1
| #define PCAP_SUPPORT_PACKET_RING 1
| #define HAVE_SOCKLEN_T 1
| #define INET6 1
| /* end confdefs.h.  */
| 
| 	    #include <TcApi.h>
| 
| int
| main ()
| {
| 
| 	    TC_INSTANCE a; TC_PORT b; TC_BOARD c;
| 	    TC_INSTANCE i;
| 	    (void)TcInstanceCreateByName("foo", &i);
| 
|   ;
|   return 0;
| }
configure:7708: result: no
configure:7718: checking whether to enable remote packet capture
configure:7859: result: no
configure:7864: checking whether to build optimizer debugging code
configure:7876: result: no
configure:7879: checking whether to build parser debugging code
configure:7891: result: no
configure:8342: checking for ranlib
configure:8358: found /usr/bin/ranlib
configure:8369: result: ranlib
configure:8434: checking for ar
configure:8450: found /usr/bin/ar
configure:8461: result: ar
configure:8484: checking whether ln -s works
configure:8488: result: yes
configure:9933: checking for struct sockaddr.sa_len
configure:9933: gcc -c -g -O2  conftest.c >&5
conftest.c: In function 'main':
conftest.c:58:12: error: 'struct sockaddr' has no member named 'sa_len'
   58 | if (ac_aggr.sa_len)
      |            ^
configure:9933: $? = 1
configure: failed program was:
| /* confdefs.h */
| #define PACKAGE_NAME "pcap"
| #define PACKAGE_TARNAME "pcap"
| #define PACKAGE_VERSION "1.9.1"
| #define PACKAGE_STRING "pcap 1.9.1"
| #define PACKAGE_BUGREPORT ""
| #define PACKAGE_URL ""
| #define inline inline
| #define HAVE_FSEEKO 1
| #define STDC_HEADERS 1
| #define HAVE_SYS_TYPES_H 1
| #define HAVE_SYS_STAT_H 1
| #define HAVE_STDLIB_H 1
| #define HAVE_STRING_H 1
| #define HAVE_MEMORY_H 1
| #define HAVE_STRINGS_H 1
| #define HAVE_INTTYPES_H 1
| #define HAVE_STDINT_H 1
| #define HAVE_UNISTD_H 1
| #define HAVE_LIMITS_H 1
| #define HAVE_NETPACKET_PACKET_H 1
| #define HAVE_LINUX_SOCKIOS_H 1
| #define HAVE_LINUX_IF_BONDING_H 1
| #define HAVE_STRERROR 1
| #define HAVE_GNU_STRERROR_R /**/
| #define HAVE_VSYSLOG 1
| #define HAVE_VSNPRINTF 1
| #define HAVE_SNPRINTF 1
| #define HAVE_VASPRINTF 1
| #define HAVE_ASPRINTF 1
| #define HAVE_STRTOK_R 1
| #define HAVE_FFS 1
| #define STRINGS_H_DECLARES_FFS /**/
| #define HAVE_LINUX_GETNETBYNAME_R 1
| #define HAVE_LINUX_GETPROTOBYNAME_R 1
| #define HAVE_ETHER_HOSTTON 1
| #define NETINET_ETHER_H_DECLARES_ETHER_HOSTTON /**/
| #define HAVE_DECL_ETHER_HOSTTON 1
| #define HAVE_LINUX_SOCKET_H 1
| #define HAVE_LINUX_WIRELESS_H 1
| #define HAVE_LINUX_ETHTOOL_H 1
| #define HAVE_STRUCT_TPACKET_STATS 1
| #define HAVE_STRUCT_TPACKET_AUXDATA_TP_VLAN_TCI 1
| #define HAVE_LINUX_NET_TSTAMP_H 1
| #define PCAP_SUPPORT_PACKET_RING 1
| #define HAVE_SOCKLEN_T 1
| #define INET6 1
| /* end confdefs.h.  */
| 
| 	#include <sys/types.h>
| 	#include <sys/socket.h>
| 
| 
| int
| main ()
| {
| static struct sockaddr ac_aggr;
| if (ac_aggr.sa_len)
| return 0;
|   ;
|   return 0;
| }
configure:9933: gcc -c -g -O2  conftest.c >&5
conftest.c: In function 'main':
conftest.c:58:19: error: 'struct sockaddr' has no member named 'sa_len'
   58 | if (sizeof ac_aggr.sa_len)
      |                   ^
configure:9933: $? = 1
configure: failed program was:
| /* confdefs.h */
| #define PACKAGE_NAME "pcap"
| #define PACKAGE_TARNAME "pcap"
| #define PACKAGE_VERSION "1.9.1"
| #define PACKAGE_STRING "pcap 1.9.1"
| #define PACKAGE_BUGREPORT ""
| #define PACKAGE_URL ""
| #define inline inline
| #define HAVE_FSEEKO 1
| #define STDC_HEADERS 1
| #define HAVE_SYS_TYPES_H 1
| #define HAVE_SYS_STAT_H 1
| #define HAVE_STDLIB_H 1
| #define HAVE_STRING_H 1
| #define HAVE_MEMORY_H 1
| #define HAVE_STRINGS_H 1
| #define HAVE_INTTYPES_H 1
| #define HAVE_STDINT_H 1
| #define HAVE_UNISTD_H 1
| #define HAVE_LIMITS_H 1
| #define HAVE_NETPACKET_PACKET_H 1
| #define HAVE_LINUX_SOCKIOS_H 1
| #define HAVE_LINUX_IF_BONDING_H 1
| #define HAVE_STRERROR 1
| #define HAVE_GNU_STRERROR_R /**/
| #define HAVE_VSYSLOG 1
| #define HAVE_VSNPRINTF 1
| #define HAVE_SNPRINTF 1
| #define HAVE_VASPRINTF 1
| #define HAVE_ASPRINTF 1
| #define HAVE_STRTOK_R 1
| #define HAVE_FFS 1
| #define STRINGS_H_DECLARES_FFS /**/
| #define HAVE_LINUX_GETNETBYNAME_R 1
| #define HAVE_LINUX_GETPROTOBYNAME_R 1
| #define HAVE_ETHER_HOSTTON 1
| #define NETINET_ETHER_H_DECLARES_ETHER_HOSTTON /**/
| #define HAVE_DECL_ETHER_HOSTTON 1
| #define HAVE_LINUX_SOCKET_H 1
| #define HAVE_LINUX_WIRELESS_H 1
| #define HAVE_LINUX_ETHTOOL_H 1
| #define HAVE_STRUCT_TPACKET_STATS 1
| #define HAVE_STRUCT_TPACKET_AUXDATA_TP_VLAN_TCI 1
| #define HAVE_LINUX_NET_TSTAMP_H 1
| #define PCAP_SUPPORT_PACKET_RING 1
| #define HAVE_SOCKLEN_T 1
| #define INET6 1
| /* end confdefs.h.  */
| 
| 	#include <sys/types.h>
| 	#include <sys/socket.h>
| 
| 
| int
| main ()
| {
| static struct sockaddr ac_aggr;
| if (sizeof ac_aggr.sa_len)
| return 0;
|   ;
|   return 0;
| }
configure:9933: result: no
configure:9951: checking for struct sockaddr_storage
configure:9951: gcc -c -g -O2  conftest.c >&5
configure:9951: $? = 0
configure:9951: gcc -c -g -O2  conftest.c >&5
conftest.c: In function 'main':
conftest.c:57:38: error: expected expression before ')' token
   57 | if (sizeof ((struct sockaddr_storage)))
      |                                      ^
configure:9951: $? = 1
configure: failed program was:
| /* confdefs.h */
| #define PACKAGE_NAME "pcap"
| #define PACKAGE_TARNAME "pcap"
| #define PACKAGE_VERSION "1.9.1"
| #define PACKAGE_STRING "pcap 1.9.1"
| #define PACKAGE_BUGREPORT ""
| #define PACKAGE_URL ""
| #define inline inline
| #define HAVE_FSEEKO 1
| #define STDC_HEADERS 1
| #define HAVE_SYS_TYPES_H 1
| #define HAVE_SYS_STAT_H 1
| #define HAVE_STDLIB_H 1
| #define HAVE_STRING_H 1
| #define HAVE_MEMORY_H 1
| #define HAVE_STRINGS_H 1
| #define HAVE_INTTYPES_H 1
| #define HAVE_STDINT_H 1
| #define HAVE_UNISTD_H 1
| #define HAVE_LIMITS_H 1
| #define HAVE_NETPACKET_PACKET_H 1
| #define HAVE_LINUX_SOCKIOS_H 1
| #define HAVE_LINUX_IF_BONDING_H 1
| #define HAVE_STRERROR 1
| #define HAVE_GNU_STRERROR_R /**/
| #define HAVE_VSYSLOG 1
| #define HAVE_VSNPRINTF 1
| #define HAVE_SNPRINTF 1
| #define HAVE_VASPRINTF 1
| #define HAVE_ASPRINTF 1
| #define HAVE_STRTOK_R 1
| #define HAVE_FFS 1
| #define STRINGS_H_DECLARES_FFS /**/
| #define HAVE_LINUX_GETNETBYNAME_R 1
| #define HAVE_LINUX_GETPROTOBYNAME_R 1
| #define HAVE_ETHER_HOSTTON 1
| #define NETINET_ETHER_H_DECLARES_ETHER_HOSTTON /**/
| #define HAVE_DECL_ETHER_HOSTTON 1
| #define HAVE_LINUX_SOCKET_H 1
| #define HAVE_LINUX_WIRELESS_H 1
| #define HAVE_LINUX_ETHTOOL_H 1
| #define HAVE_STRUCT_TPACKET_STATS 1
| #define HAVE_STRUCT_TPACKET_AUXDATA_TP_VLAN_TCI 1
| #define HAVE_LINUX_NET_TSTAMP_H 1
| #define PCAP_SUPPORT_PACKET_RING 1
| #define HAVE_SOCKLEN_T 1
| #define INET6 1
| /* end confdefs.h.  */
| 
| 	#include <sys/types.h>
| 	#include <sys/socket.h>
| 
| 
| int
| main ()
| {
| if (sizeof ((struct sockaddr_storage)))
| 	    return 0;
|   ;
|   return 0;
| }
configure:9951: result: yes
configure:9977: checking for dl_hp_ppa_info_t.dl_module_id_1
configure:9977: gcc -c -g -O2  conftest.c >&5
conftest.c:52:18: fatal error: sys/dlpi.h: No such file or directory
   52 |         #include <sys/dlpi.h>
      |                  ^~~~~~~~~~~~
compilation terminated.
configure:9977: $? = 1
configure: failed program was:
| /* confdefs.h */
| #define PACKAGE_NAME "pcap"
| #define PACKAGE_TARNAME "pcap"
| #define PACKAGE_VERSION "1.9.1"
| #define PACKAGE_STRING "pcap 1.9.1"
| #define PACKAGE_BUGREPORT ""
| #define PACKAGE_URL ""
| #define inline inline
| #define HAVE_FSEEKO 1
| #define STDC_HEADERS 1
| #define HAVE_SYS_TYPES_H 1
| #define HAVE_SYS_STAT_H 1
| #define HAVE_STDLIB_H 1
| #define HAVE_STRING_H 1
| #define HAVE_MEMORY_H 1
| #define HAVE_STRINGS_H 1
| #define HAVE_INTTYPES_H 1
| #define HAVE_STDINT_H 1
| #define HAVE_UNISTD_H 1
| #define HAVE_LIMITS_H 1
| #define HAVE_NETPACKET_PACKET_H 1
| #define HAVE_LINUX_SOCKIOS_H 1
| #define HAVE_LINUX_IF_BONDING_H 1
| #define HAVE_STRERROR 1
| #define HAVE_GNU_STRERROR_R /**/
| #define HAVE_VSYSLOG 1
| #define HAVE_VSNPRINTF 1
| #define HAVE_SNPRINTF 1
| #define HAVE_VASPRINTF 1
| #define HAVE_ASPRINTF 1
| #define HAVE_STRTOK_R 1
| #define HAVE_FFS 1
| #define STRINGS_H_DECLARES_FFS /**/
| #define HAVE_LINUX_GETNETBYNAME_R 1
| #define HAVE_LINUX_GETPROTOBYNAME_R 1
| #define HAVE_ETHER_HOSTTON 1
| #define NETINET_ETHER_H_DECLARES_ETHER_HOSTTON /**/
| #define HAVE_DECL_ETHER_HOSTTON 1
| #define HAVE_LINUX_SOCKET_H 1
| #define HAVE_LINUX_WIRELESS_H 1
| #define HAVE_LINUX_ETHTOOL_H 1
| #define HAVE_STRUCT_TPACKET_STATS 1
| #define HAVE_STRUCT_TPACKET_AUXDATA_TP_VLAN_TCI 1
| #define HAVE_LINUX_NET_TSTAMP_H 1
| #define PCAP_SUPPORT_PACKET_RING 1
| #define HAVE_SOCKLEN_T 1
| #define INET6 1
| #define HAVE_STRUCT_SOCKADDR_STORAGE 1
| /* end confdefs.h.  */
| 
| 	#include <sys/types.h>
| 	#include <sys/dlpi.h>
| 	#include <sys/dlpi_ext.h>
| 
| 
| int
| main ()
| {
| static dl_hp_ppa_info_t ac_aggr;
| if (ac_aggr.dl_module_id_1)
| return 0;
|   ;
|   return 0;
| }
configure:9977: gcc -c -g -O2  conftest.c >&5
conftest.c:52:18: fatal error: sys/dlpi.h: No such file or directory
   52 |         #include <sys/dlpi.h>
      |                  ^~~~~~~~~~~~
compilation terminated.
configure:9977: $? = 1
configure: failed program was:
| /* confdefs.h */
| #define PACKAGE_NAME "pcap"
| #define PACKAGE_TARNAME "pcap"
| #define PACKAGE_VERSION "1.9.1"
| #define PACKAGE_STRING "pcap 1.9.1"
| #define PACKAGE_BUGREPORT ""
| #define PACKAGE_URL ""
| #define inline inline
| #define HAVE_FSEEKO 1
| #define STDC_HEADERS 1
| #define HAVE_SYS_TYPES_H 1
| #define HAVE_SYS_STAT_H 1
| #define HAVE_STDLIB_H 1
| #define HAVE_STRING_H 1
| #define HAVE_MEMORY_H 1
| #define HAVE_STRINGS_H 1
| #define HAVE_INTTYPES_H 1
| #define HAVE_STDINT_H 1
| #define HAVE_UNISTD_H 1
| #define HAVE_LIMITS_H 1
| #define HAVE_NETPACKET_PACKET_H 1
| #define HAVE_LINUX_SOCKIOS_H 1
| #define HAVE_LINUX_IF_BONDING_H 1
| #define HAVE_STRERROR 1
| #define HAVE_GNU_STRERROR_R /**/
| #define HAVE_VSYSLOG 1
| #define HAVE_VSNPRINTF 1
| #define HAVE_SNPRINTF 1
| #define HAVE_VASPRINTF 1
| #define HAVE_ASPRINTF 1
| #define HAVE_STRTOK_R 1
| #define HAVE_FFS 1
| #define STRINGS_H_DECLARES_FFS /**/
| #define HAVE_LINUX_GETNETBYNAME_R 1
| #define HAVE_LINUX_GETPROTOBYNAME_R 1
| #define HAVE_ETHER_HOSTTON 1
| #define NETINET_ETHER_H_DECLARES_ETHER_HOSTTON /**/
| #define HAVE_DECL_ETHER_HOSTTON 1
| #define HAVE_LINUX_SOCKET_H 1
| #define HAVE_LINUX_WIRELESS_H 1
| #define HAVE_LINUX_ETHTOOL_H 1
| #define HAVE_STRUCT_TPACKET_STATS 1
| #define HAVE_STRUCT_TPACKET_AUXDATA_TP_VLAN_TCI 1
| #define HAVE_LINUX_NET_TSTAMP_H 1
| #define PCAP_SUPPORT_PACKET_RING 1
| #define HAVE_SOCKLEN_T 1
| #define INET6 1
| #define HAVE_STRUCT_SOCKADDR_STORAGE 1
| /* end confdefs.h.  */
| 
| 	#include <sys/types.h>
| 	#include <sys/dlpi.h>
| 	#include <sys/dlpi_ext.h>
| 
| 
| int
| main ()
| {
| static dl_hp_ppa_info_t ac_aggr;
| if (sizeof ac_aggr.dl_module_id_1)
| return 0;
|   ;
|   return 0;
| }
configure:9977: result: no
configure:9993: checking if unaligned accesses fail
configure:10080: result: no
configure:10244: checking whether the platform could support netfilter sniffing
configure:10248: result: yes
configure:10258: checking whether we can compile the netfilter support
configure:10284: gcc -c -g -O2  conftest.c >&5
configure:10284: $? = 0
configure:10292: result: yes
configure:10325: checking whether we can compile the netmap support
configure:10344: gcc -c -g -O2  conftest.c >&5
conftest.c:86:10: fatal error: net/netmap_user.h: No such file or directory
   86 | #include <net/netmap_user.h>
      |          ^~~~~~~~~~~~~~~~~~~
compilation terminated.
configure:10344: $? = 1
configure: failed program was:
| /* confdefs.h */
| #define PACKAGE_NAME "pcap"
| #define PACKAGE_TARNAME "pcap"
| #define PACKAGE_VERSION "1.9.1"
| #define PACKAGE_STRING "pcap 1.9.1"
| #define PACKAGE_BUGREPORT ""
| #define PACKAGE_URL ""
| #define inline inline
| #define HAVE_FSEEKO 1
| #define STDC_HEADERS 1
| #define HAVE_SYS_TYPES_H 1
| #define HAVE_SYS_STAT_H 1
| #define HAVE_STDLIB_H 1
| #define HAVE_STRING_H 1
| #define HAVE_MEMORY_H 1
| #define HAVE_STRINGS_H 1
| #define HAVE_INTTYPES_H 1
| #define HAVE_STDINT_H 1
| #define HAVE_UNISTD_H 1
| #define HAVE_LIMITS_H 1
| #define HAVE_NETPACKET_PACKET_H 1
| #define HAVE_LINUX_SOCKIOS_H 1
| #define HAVE_LINUX_IF_BONDING_H 1
| #define HAVE_STRERROR 1
| #define HAVE_GNU_STRERROR_R /**/
| #define HAVE_VSYSLOG 1
| #define HAVE_VSNPRINTF 1
| #define HAVE_SNPRINTF 1
| #define HAVE_VASPRINTF 1
| #define HAVE_ASPRINTF 1
| #define HAVE_STRTOK_R 1
| #define HAVE_FFS 1
| #define STRINGS_H_DECLARES_FFS /**/
| #define HAVE_LINUX_GETNETBYNAME_R 1
| #define HAVE_LINUX_GETPROTOBYNAME_R 1
| #define HAVE_ETHER_HOSTTON 1
| #define NETINET_ETHER_H_DECLARES_ETHER_HOSTTON /**/
| #define HAVE_DECL_ETHER_HOSTTON 1
| #define HAVE_LINUX_SOCKET_H 1
| #define HAVE_LINUX_WIRELESS_H 1
| #define HAVE_LINUX_ETHTOOL_H 1
| #define HAVE_STRUCT_TPACKET_STATS 1
| #define HAVE_STRUCT_TPACKET_AUXDATA_TP_VLAN_TCI 1
| #define HAVE_LINUX_NET_TSTAMP_H 1
| #define PCAP_SUPPORT_PACKET_RING 1
| #define HAVE_SOCKLEN_T 1
| #define INET6 1
| #define HAVE_STRUCT_SOCKADDR_STORAGE 1
| #define PCAP_SUPPORT_NETFILTER 1
| /* end confdefs.h.  */
| 
| #include <stdio.h>
| #ifdef HAVE_SYS_TYPES_H
| # include <sys/types.h>
| #endif
| #ifdef HAVE_SYS_STAT_H
| # include <sys/stat.h>
| #endif
| #ifdef STDC_HEADERS
| # include <stdlib.h>
| # include <stddef.h>
| #else
| # ifdef HAVE_STDLIB_H
| #  include <stdlib.h>
| # endif
| #endif
| #ifdef HAVE_STRING_H
| # if !defined STDC_HEADERS && defined HAVE_MEMORY_H
| #  include <memory.h>
| # endif
| # include <string.h>
| #endif
| #ifdef HAVE_STRINGS_H
| # include <strings.h>
| #endif
| #ifdef HAVE_INTTYPES_H
| # include <inttypes.h>
| #endif
| #ifdef HAVE_STDINT_H
| # include <stdint.h>
| #endif
| #ifdef HAVE_UNISTD_H
| # include <unistd.h>
| #endif
| #define NETMAP_WITH_LIBS
| #include <net/netmap_user.h>
| int
| main ()
| {
| 
|   ;
|   return 0;
| }
configure:10352: result: no
configure:10655: checking for ibv_get_device_list in -libverbs
configure:10680: gcc -o conftest -g -O2   conftest.c -libverbs   >&5
/usr/bin/ld: cannot find -libverbs
collect2: error: ld returned 1 exit status
configure:10680: $? = 1
configure: failed program was:
| /* confdefs.h */
| #define PACKAGE_NAME "pcap"
| #define PACKAGE_TARNAME "pcap"
| #define PACKAGE_VERSION "1.9.1"
| #define PACKAGE_STRING "pcap 1.9.1"
| #define PACKAGE_BUGREPORT ""
| #define PACKAGE_URL ""
| #define inline inline
| #define HAVE_FSEEKO 1
| #define STDC_HEADERS 1
| #define HAVE_SYS_TYPES_H 1
| #define HAVE_SYS_STAT_H 1
| #define HAVE_STDLIB_H 1
| #define HAVE_STRING_H 1
| #define HAVE_MEMORY_H 1
| #define HAVE_STRINGS_H 1
| #define HAVE_INTTYPES_H 1
| #define HAVE_STDINT_H 1
| #define HAVE_UNISTD_H 1
| #define HAVE_LIMITS_H 1
| #define HAVE_NETPACKET_PACKET_H 1
| #define HAVE_LINUX_SOCKIOS_H 1
| #define HAVE_LINUX_IF_BONDING_H 1
| #define HAVE_STRERROR 1
| #define HAVE_GNU_STRERROR_R /**/
| #define HAVE_VSYSLOG 1
| #define HAVE_VSNPRINTF 1
| #define HAVE_SNPRINTF 1
| #define HAVE_VASPRINTF 1
| #define HAVE_ASPRINTF 1
| #define HAVE_STRTOK_R 1
| #define HAVE_FFS 1
| #define STRINGS_H_DECLARES_FFS /**/
| #define HAVE_LINUX_GETNETBYNAME_R 1
| #define HAVE_LINUX_GETPROTOBYNAME_R 1
| #define HAVE_ETHER_HOSTTON 1
| #define NETINET_ETHER_H_DECLARES_ETHER_HOSTTON /**/
| #define HAVE_DECL_ETHER_HOSTTON 1
| #define HAVE_LINUX_SOCKET_H 1
| #define HAVE_LINUX_WIRELESS_H 1
| #define HAVE_LINUX_ETHTOOL_H 1
| #define HAVE_STRUCT_TPACKET_STATS 1
| #define HAVE_STRUCT_TPACKET_AUXDATA_TP_VLAN_TCI 1
| #define HAVE_LINUX_NET_TSTAMP_H 1
| #define PCAP_SUPPORT_PACKET_RING 1
| #define HAVE_SOCKLEN_T 1
| #define INET6 1
| #define HAVE_STRUCT_SOCKADDR_STORAGE 1
| #define PCAP_SUPPORT_NETFILTER 1
| /* end confdefs.h.  */
| 
| /* Override any GCC internal prototype to avoid an error.
|    Use char because int might match the return type of a GCC
|    builtin and then its argument prototype would still apply.  */
| #ifdef __cplusplus
| extern "C"
| #endif
| char ibv_get_device_list ();
| int
| main ()
| {
| return ibv_get_device_list ();
|   ;
|   return 0;
| }
configure:10689: result: no
configure:10769: checking for a BSD-compatible install
configure:10837: result: /usr/bin/install -c
configure:10962: creating ./config.status

## ---------------------- ##
## Running config.status. ##
## ---------------------- ##

This file was extended by pcap config.status 1.9.1, which was
generated by GNU Autoconf 2.69.  Invocation command line was

  CONFIG_FILES    = 
  CONFIG_HEADERS  = 
  CONFIG_LINKS    = 
  CONFIG_COMMANDS = 
  $ ./config.status 

on WHOAMI

config.status:922: creating Makefile
config.status:922: creating pcap-filter.manmisc
config.status:922: creating pcap-linktype.manmisc
config.status:922: creating pcap-tstamp.manmisc
config.status:922: creating pcap-savefile.manfile
config.status:922: creating pcap.3pcap
config.status:922: creating pcap_compile.3pcap
config.status:922: creating pcap_datalink.3pcap
config.status:922: creating pcap_dump_open.3pcap
config.status:922: creating pcap_get_tstamp_precision.3pcap
config.status:922: creating pcap_list_datalinks.3pcap
config.status:922: creating pcap_list_tstamp_types.3pcap
config.status:922: creating pcap_open_dead.3pcap
config.status:922: creating pcap_open_offline.3pcap
config.status:922: creating pcap_set_immediate_mode.3pcap
config.status:922: creating pcap_set_tstamp_precision.3pcap
config.status:922: creating pcap_set_tstamp_type.3pcap
config.status:922: creating config.h
config.status:1097: config.h is unchanged
config.status:1111: executing default-1 commands

## ---------------- ##
## Cache variables. ##
## ---------------- ##

ac_cv_build=x86_64-pc-linux-gnu
ac_cv_c_compiler_gnu=yes
ac_cv_env_CC_set=
ac_cv_env_CC_value=
ac_cv_env_CFLAGS_set=
ac_cv_env_CFLAGS_value=
ac_cv_env_CPPFLAGS_set=
ac_cv_env_CPPFLAGS_value=
ac_cv_env_CPP_set=
ac_cv_env_CPP_value=
ac_cv_env_LDFLAGS_set=
ac_cv_env_LDFLAGS_value=
ac_cv_env_LIBS_set=
ac_cv_env_LIBS_value=
ac_cv_env_build_alias_set=
ac_cv_env_build_alias_value=
ac_cv_env_host_alias_set=
ac_cv_env_host_alias_value=
ac_cv_env_target_alias_set=
ac_cv_env_target_alias_value=
ac_cv_func_asprintf=yes
ac_cv_func_ether_hostton=yes
ac_cv_func_ffs=yes
ac_cv_func_getaddrinfo=yes
ac_cv_func_getifaddrs=yes
ac_cv_func_pthread_create=no
ac_cv_func_snprintf=yes
ac_cv_func_strerror=yes
ac_cv_func_strerror_r=yes
ac_cv_func_strlcat=no
ac_cv_func_strlcpy=no
ac_cv_func_strtok_r=yes
ac_cv_func_vasprintf=yes
ac_cv_func_vsnprintf=yes
ac_cv_func_vsyslog=yes
ac_cv_have_decl_ether_hostton=yes
ac_cv_have_decl_ffs=yes
ac_cv_have_decl_getnetbyname_r=yes
ac_cv_have_decl_getprotobyname_r=yes
ac_cv_header_dagapi_h=no
ac_cv_header_ifaddrs_h=yes
ac_cv_header_inttypes_h=yes
ac_cv_header_limits_h=yes
ac_cv_header_linux_ethtool_h=yes
ac_cv_header_linux_if_bonding_h=yes
ac_cv_header_linux_net_tstamp_h=yes
ac_cv_header_linux_socket_h=yes
ac_cv_header_linux_sockios_h=yes
ac_cv_header_linux_wireless_h=yes
ac_cv_header_memory_h=yes
ac_cv_header_net_bpf_h=no
ac_cv_header_net_enet_h=no
ac_cv_header_net_nit_h=no
ac_cv_header_net_pfilt_h=no
ac_cv_header_net_pfvar_h=no
ac_cv_header_net_raw_h=no
ac_cv_header_netpacket_packet_h=yes
ac_cv_header_pthread_h=yes
ac_cv_header_stdc=yes
ac_cv_header_stdint_h=yes
ac_cv_header_stdlib_h=yes
ac_cv_header_string_h=yes
ac_cv_header_strings_h=yes
ac_cv_header_sys_dlpi_h=no
ac_cv_header_sys_ioccom_h=no
ac_cv_header_sys_net_nit_h=no
ac_cv_header_sys_sockio_h=no
ac_cv_header_sys_stat_h=yes
ac_cv_header_sys_types_h=yes
ac_cv_header_unistd_h=yes
ac_cv_host=x86_64-pc-linux-gnu
ac_cv_lbl_gcc_fixincludes=yes
ac_cv_lbl_inline=inline
ac_cv_lbl_septel_api=no
ac_cv_lbl_snf_api=no
ac_cv_lbl_turbocap_api=no
ac_cv_lbl_unaligned_fail=no
ac_cv_lib_ibverbs_ibv_get_device_list=no
ac_cv_lib_pthread_pthread_create=yes
ac_cv_lib_pthreads_pthread_create=no
ac_cv_member_dl_hp_ppa_info_t_dl_module_id_1=no
ac_cv_member_struct_sockaddr_sa_len=no
ac_cv_member_struct_tpacket_auxdata_tp_vlan_tci=yes
ac_cv_net_netmap_user_can_compile=no
ac_cv_netfilter_can_compile=yes
ac_cv_objext=o
ac_cv_path_EGREP='/usr/bin/grep -E'
ac_cv_path_GREP=/usr/bin/grep
ac_cv_path_install='/usr/bin/install -c'
ac_cv_prog_CPP='gcc -E'
ac_cv_prog_ac_ct_AR=ar
ac_cv_prog_ac_ct_CC=gcc
ac_cv_prog_ac_ct_RANLIB=ranlib
ac_cv_prog_cc_c89=
ac_cv_prog_cc_c99=
ac_cv_prog_cc_g=yes
ac_cv_search_putmsg=no
ac_cv_sys_file_offset_bits=no
ac_cv_sys_largefile_CC=no
ac_cv_sys_largefile_source=no
ac_cv_target=x86_64-pc-linux-gnu
ac_cv_type_socklen_t=yes
ac_cv_type_struct_sockaddr_storage=yes
ac_cv_type_struct_tpacket_stats=yes

## ----------------- ##
## Output variables. ##
## ----------------- ##

ADDLARCHIVEOBJS=''
ADDLOBJS=''
AR='ar'
BT_MONITOR_SRC=''
BT_SRC=''
BUILD_RPCAPD=''
CC='gcc'
CFLAGS='-g -O2'
CPP='gcc -E'
CPPFLAGS=''
DBUS_SRC=''
DEFS='-DHAVE_CONFIG_H'
DEPENDENCY_CFLAG=''
DYEXT='none'
ECHO_C=''
ECHO_N='-n'
ECHO_T=''
EGREP='/usr/bin/grep -E'
EXEEXT=''
EXTRA_NETWORK_LIBS=''
GREP='/usr/bin/grep'
INSTALL_DATA='${INSTALL} -m 644'
INSTALL_PROGRAM='${INSTALL}'
INSTALL_RPCAPD=''
INSTALL_SCRIPT='${INSTALL}'
LDFLAGS=''
LIBOBJS=' ${LIBOBJDIR}strlcat$U.o ${LIBOBJDIR}strlcpy$U.o'
LIBS=''
LN_S='ln -s'
LTLIBOBJS=' ${LIBOBJDIR}strlcat$U.lo ${LIBOBJDIR}strlcpy$U.lo'
MAN_ADMIN_COMMANDS='8'
MAN_DEVICES='4'
MAN_FILE_FORMATS='5'
MAN_MISC_INFO='7'
MKDEP=''
NETFILTER_SRC='pcap-netfilter-linux.c'
NETMAP_SRC=''
OBJEXT='o'
PACKAGE_BUGREPORT=''
PACKAGE_NAME='pcap'
PACKAGE_STRING='pcap 1.9.1'
PACKAGE_TARNAME='pcap'
PACKAGE_URL=''
PACKAGE_VERSION='1.9.1'
PATH_SEPARATOR=':'
PCAP_SUPPORT_BT=''
PCAP_SUPPORT_DBUS=''
PCAP_SUPPORT_NETFILTER=''
PCAP_SUPPORT_NETMAP=''
PCAP_SUPPORT_PACKET_RING=''
PCAP_SUPPORT_RDMASNIFF=''
PCAP_SUPPORT_USB=''
PKGCONFIG=''
PTHREAD_LIBS=' -lpthread'
RANLIB='ranlib'
RDMA_SRC=''
RPCAPD_LIBS=''
SHELL='/bin/bash'
SHLICC2=''
SSRC=''
USB_SRC=''
VALGRINDTEST_SRC='valgrindtest.c'
V_CCOPT=' -fvisibility=hidden'
V_DEFS=''
V_FINDALLDEVS='fad-getad.c'
V_INCLS=' -I/usr/local/include'
V_LIB_CCOPT_FAT=''
V_LIB_LDFLAGS_FAT=''
V_PCAP='linux'
V_PROG_CCOPT_FAT=''
V_PROG_LDFLAGS_FAT=''
V_RPATH_OPT='-Wl,-rpath,'
V_SHLIB_CCOPT=' -fpic'
V_SHLIB_CMD='$(CC)'
V_SHLIB_OPT='-shared'
V_SONAME_OPT='-Wl,-soname,'
ac_ct_CC='gcc'
bindir='${exec_prefix}/bin'
build='x86_64-pc-linux-gnu'
build_alias=''
build_cpu='x86_64'
build_os='linux-gnu'
build_vendor='pc'
datadir='${datarootdir}'
datarootdir='${prefix}/share'
docdir='${datarootdir}/doc/${PACKAGE_TARNAME}'
dvidir='${docdir}'
exec_prefix='${prefix}'
host='x86_64-pc-linux-gnu'
host_alias=''
host_cpu='x86_64'
host_os='linux-gnu'
host_vendor='pc'
htmldir='${docdir}'
includedir='${prefix}/include'
infodir='${datarootdir}/info'
libdir='${exec_prefix}/lib'
libexecdir='${exec_prefix}/libexec'
localedir='${datarootdir}/locale'
localstatedir='${prefix}/var'
mandir='${datarootdir}/man'
oldincludedir='/usr/include'
pdfdir='${docdir}'
prefix='/usr/local'
program_transform_name='s,x,x,'
psdir='${docdir}'
runstatedir='${localstatedir}/run'
sbindir='${exec_prefix}/sbin'
sharedstatedir='${prefix}/com'
sysconfdir='${prefix}/etc'
target='x86_64-pc-linux-gnu'
target_alias=''
target_cpu='x86_64'
target_os='linux-gnu'
target_vendor='pc'

## ----------- ##
## confdefs.h. ##
## ----------- ##

/* confdefs.h */
#define PACKAGE_NAME "pcap"
#define PACKAGE_TARNAME "pcap"
#define PACKAGE_VERSION "1.9.1"
#define PACKAGE_STRING "pcap 1.9.1"
#define PACKAGE_BUGREPORT ""
#define PACKAGE_URL ""
#define inline inline
#define HAVE_FSEEKO 1
#define STDC_HEADERS 1
#define HAVE_SYS_TYPES_H 1
#define HAVE_SYS_STAT_H 1
#define HAVE_STDLIB_H 1
#define HAVE_STRING_H 1
#define HAVE_MEMORY_H 1
#define HAVE_STRINGS_H 1
#define HAVE_INTTYPES_H 1
#define HAVE_STDINT_H 1
#define HAVE_UNISTD_H 1
#define HAVE_LIMITS_H 1
#define HAVE_NETPACKET_PACKET_H 1
#define HAVE_LINUX_SOCKIOS_H 1
#define HAVE_LINUX_IF_BONDING_H 1
#define HAVE_STRERROR 1
#define HAVE_GNU_STRERROR_R /**/
#define HAVE_VSYSLOG 1
#define HAVE_VSNPRINTF 1
#define HAVE_SNPRINTF 1
#define HAVE_VASPRINTF 1
#define HAVE_ASPRINTF 1
#define HAVE_STRTOK_R 1
#define HAVE_FFS 1
#define STRINGS_H_DECLARES_FFS /**/
#define HAVE_LINUX_GETNETBYNAME_R 1
#define HAVE_LINUX_GETPROTOBYNAME_R 1
#define HAVE_ETHER_HOSTTON 1
#define NETINET_ETHER_H_DECLARES_ETHER_HOSTTON /**/
#define HAVE_DECL_ETHER_HOSTTON 1
#define HAVE_LINUX_SOCKET_H 1
#define HAVE_LINUX_WIRELESS_H 1
#define HAVE_LINUX_ETHTOOL_H 1
#define HAVE_STRUCT_TPACKET_STATS 1
#define HAVE_STRUCT_TPACKET_AUXDATA_TP_VLAN_TCI 1
#define HAVE_LINUX_NET_TSTAMP_H 1
#define PCAP_SUPPORT_PACKET_RING 1
#define HAVE_SOCKLEN_T 1
#define INET6 1
#define HAVE_STRUCT_SOCKADDR_STORAGE 1
#define PCAP_SUPPORT_NETFILTER 1

configure: exit 0

## ---------------------- ##
## Running config.status. ##
## ---------------------- ##

This file was extended by pcap config.status 1.9.1, which was
generated by GNU Autoconf 2.69.  Invocation command line was

  CONFIG_FILES    = 
  CONFIG_HEADERS  = 
  CONFIG_LINKS    = 
  CONFIG_COMMANDS = 
  $ ./config.status --file=libpcap.pc.tmp:./libpcap.pc.in

on WHOAMI

config.status:922: creating libpcap.pc.tmp

## ---------------------- ##
## Running config.status. ##
## ---------------------- ##

This file was extended by pcap config.status 1.9.1, which was
generated by GNU Autoconf 2.69.  Invocation command line was

  CONFIG_FILES    = 
  CONFIG_HEADERS  = 
  CONFIG_LINKS    = 
  CONFIG_COMMANDS = 
  $ ./config.status --file=pcap-config.tmp:./pcap-config.in

on WHOAMI

config.status:922: creating pcap-config.tmp
